#
# There is insufficient memory for the Java Runtime Environment to continue.
# Native memory allocation (malloc) failed to allocate 377616 bytes for Chunk::new
# Possible reasons:
#   The system is out of physical RAM or swap space
#   The process is running with CompressedOops enabled, and the Java Heap may be blocking the growth of the native heap
# Possible solutions:
#   Reduce memory load on the system
#   Increase physical memory or swap space
#   Check if swap backing store is full
#   Decrease Java heap size (-Xmx/-Xms)
#   Decrease number of Java threads
#   Decrease Java thread stack sizes (-Xss)
#   Set larger code cache with -XX:ReservedCodeCacheSize=
#   JVM is running with Unscaled Compressed Oops mode in which the Java heap is
#     placed in the first 4GB address space. The Java Heap base address is the
#     maximum limit for the native heap growth. Please use -XX:HeapBaseMinAddress
#     to set the Java Heap base and to place the Java Heap above 4GB virtual address.
# This output file may be truncated or incomplete.
#
#  Out of Memory Error (arena.cpp:184), pid=11304, tid=14064
#
# JRE version: Java(TM) SE Runtime Environment (18.0+36) (build 18+36-2087)
# Java VM: Java HotSpot(TM) 64-Bit Server VM (18+36-2087, mixed mode, sharing, tiered, compressed oops, compressed class ptrs, g1 gc, windows-amd64)
# No core dump will be written. Minidumps are not enabled by default on client versions of Windows
#

---------------  S U M M A R Y ------------

Command Line: -XX:MaxMetaspaceSize=512m --add-opens=java.base/java.util=ALL-UNNAMED --add-opens=java.base/java.lang=ALL-UNNAMED --add-opens=java.base/java.lang.invoke=ALL-UNNAMED --add-opens=java.base/java.util=ALL-UNNAMED --add-opens=java.prefs/java.util.prefs=ALL-UNNAMED --add-opens=java.prefs/java.util.prefs=ALL-UNNAMED --add-opens=java.base/java.nio.charset=ALL-UNNAMED --add-opens=java.base/java.net=ALL-UNNAMED --add-opens=java.base/java.util.concurrent.atomic=ALL-UNNAMED -Xmx2048m -Dfile.encoding=UTF-8 -Duser.country=US -Duser.language=en -Duser.variant org.gradle.launcher.daemon.bootstrap.GradleDaemon 7.5.1

Host: AMD Ryzen 5 4600H with Radeon Graphics         , 12 cores, 7G,  Windows 11 , 64 bit Build 22621 (10.0.22621.1635)
Time: Thu May 18 10:43:11 2023 SE Asia Standard Time elapsed time: 2.881711 seconds (0d 0h 0m 2s)

---------------  T H R E A D  ---------------

Current thread (0x00000211ae97a7f0):  JavaThread "C2 CompilerThread0" daemon [_thread_in_native, id=14064, stack(0x0000004d77300000,0x0000004d77400000)]


Current CompileTask:
C2:   2881 2068       4       java.lang.invoke.MethodType::makeImpl (109 bytes)

Stack: [0x0000004d77300000,0x0000004d77400000]
Native frames: (J=compiled Java code, j=interpreted, Vv=VM code, C=native code)
V  [jvm.dll+0x69804a]
V  [jvm.dll+0x7f308d]
V  [jvm.dll+0x7f499e]
V  [jvm.dll+0x7f5053]
V  [jvm.dll+0x25ca3f]
V  [jvm.dll+0xb8c2f]
V  [jvm.dll+0xb8fa5]
V  [jvm.dll+0x2c794f]
V  [jvm.dll+0x59fdb0]
V  [jvm.dll+0x237f1e]
V  [jvm.dll+0x231672]
V  [jvm.dll+0x22eeeb]
V  [jvm.dll+0x1b9cfc]
V  [jvm.dll+0x23e8ca]
V  [jvm.dll+0x23cbac]
V  [jvm.dll+0x7a5781]
V  [jvm.dll+0x79fbba]
V  [jvm.dll+0x696ef5]
C  [ucrtbase.dll+0x29363]
C  [KERNEL32.DLL+0x126ad]
C  [ntdll.dll+0x5a9f8]


---------------  P R O C E S S  ---------------

Threads class SMR info:
_java_thread_list=0x00000211b4579080, length=24, elements={
0x00000211902e6970, 0x00000211ae962f00, 0x00000211ae9638a0, 0x00000211ae975e30,
0x00000211ae9767d0, 0x00000211ae977170, 0x00000211ae977b10, 0x00000211ae97a7f0,
0x00000211ae97d1e0, 0x00000211ae9a90e0, 0x00000211b2cdbd80, 0x00000211b2cdca60,
0x00000211b42c3240, 0x00000211b44a0fe0, 0x00000211b443fdc0, 0x00000211b434d8a0,
0x00000211b44561b0, 0x00000211b4473e40, 0x00000211b42f3090, 0x00000211b4307010,
0x00000211b4308cf0, 0x00000211b43091c0, 0x00000211b43074e0, 0x00000211b43079b0
}

Java Threads: ( => current thread )
  0x00000211902e6970 JavaThread "main" [_thread_blocked, id=12108, stack(0x0000004d76600000,0x0000004d76700000)]
  0x00000211ae962f00 JavaThread "Reference Handler" daemon [_thread_blocked, id=6840, stack(0x0000004d76d00000,0x0000004d76e00000)]
  0x00000211ae9638a0 JavaThread "Finalizer" daemon [_thread_blocked, id=14876, stack(0x0000004d76e00000,0x0000004d76f00000)]
  0x00000211ae975e30 JavaThread "Signal Dispatcher" daemon [_thread_blocked, id=15572, stack(0x0000004d76f00000,0x0000004d77000000)]
  0x00000211ae9767d0 JavaThread "Attach Listener" daemon [_thread_blocked, id=14268, stack(0x0000004d77000000,0x0000004d77100000)]
  0x00000211ae977170 JavaThread "Service Thread" daemon [_thread_blocked, id=14244, stack(0x0000004d77100000,0x0000004d77200000)]
  0x00000211ae977b10 JavaThread "Monitor Deflation Thread" daemon [_thread_blocked, id=14240, stack(0x0000004d77200000,0x0000004d77300000)]
=>0x00000211ae97a7f0 JavaThread "C2 CompilerThread0" daemon [_thread_in_native, id=14064, stack(0x0000004d77300000,0x0000004d77400000)]
  0x00000211ae97d1e0 JavaThread "C1 CompilerThread0" daemon [_thread_blocked, id=14012, stack(0x0000004d77400000,0x0000004d77500000)]
  0x00000211ae9a90e0 JavaThread "Sweeper thread" daemon [_thread_blocked, id=14084, stack(0x0000004d77500000,0x0000004d77600000)]
  0x00000211b2cdbd80 JavaThread "Common-Cleaner" daemon [_thread_blocked, id=14068, stack(0x0000004d77600000,0x0000004d77700000)]
  0x00000211b2cdca60 JavaThread "Notification Thread" daemon [_thread_blocked, id=14072, stack(0x0000004d77700000,0x0000004d77800000)]
  0x00000211b42c3240 JavaThread "Daemon health stats" [_thread_blocked, id=1248, stack(0x0000004d77d00000,0x0000004d77e00000)]
  0x00000211b44a0fe0 JavaThread "Incoming local TCP Connector on port 60895" [_thread_in_native, id=3216, stack(0x0000004d77e00000,0x0000004d77f00000)]
  0x00000211b443fdc0 JavaThread "Daemon periodic checks" [_thread_blocked, id=3376, stack(0x0000004d77f00000,0x0000004d78000000)]
  0x00000211b434d8a0 JavaThread "Daemon" [_thread_blocked, id=4176, stack(0x0000004d78000000,0x0000004d78100000)]
  0x00000211b44561b0 JavaThread "Handler for socket connection from /127.0.0.1:60895 to /127.0.0.1:60896" [_thread_in_native, id=7904, stack(0x0000004d78100000,0x0000004d78200000)]
  0x00000211b4473e40 JavaThread "Cancel handler" [_thread_blocked, id=2556, stack(0x0000004d78200000,0x0000004d78300000)]
  0x00000211b42f3090 JavaThread "Daemon worker" [_thread_in_vm, id=4748, stack(0x0000004d78300000,0x0000004d78400000)]
  0x00000211b4307010 JavaThread "Asynchronous log dispatcher for DefaultDaemonConnection: socket connection from /127.0.0.1:60895 to /127.0.0.1:60896" [_thread_blocked, id=4732, stack(0x0000004d78400000,0x0000004d78500000)]
  0x00000211b4308cf0 JavaThread "Stdin handler" [_thread_blocked, id=5400, stack(0x0000004d78500000,0x0000004d78600000)]
  0x00000211b43091c0 JavaThread "Daemon client event forwarder" [_thread_blocked, id=7604, stack(0x0000004d78600000,0x0000004d78700000)]
  0x00000211b43074e0 JavaThread "Cache worker for journal cache (C:\Users\hotti\.gradle\caches\journal-1)" [_thread_blocked, id=15908, stack(0x0000004d78700000,0x0000004d78800000)]
  0x00000211b43079b0 JavaThread "File lock request listener" [_thread_in_native, id=12576, stack(0x0000004d78800000,0x0000004d78900000)]

Other Threads:
  0x000002119036dfb0 VMThread "VM Thread" [stack: 0x0000004d76c00000,0x0000004d76d00000] [id=3228]
  0x00000211b2cdf750 WatcherThread "VM Periodic Task Thread" [stack: 0x0000004d77800000,0x0000004d77900000] [id=4228]
  0x00000211903466e0 WorkerThread "GC Thread#0" [stack: 0x0000004d76700000,0x0000004d76800000] [id=13364]
  0x00000211b35a02e0 WorkerThread "GC Thread#1" [stack: 0x0000004d77900000,0x0000004d77a00000] [id=16260]
  0x00000211b355cd20 WorkerThread "GC Thread#2" [stack: 0x0000004d77a00000,0x0000004d77b00000] [id=4680]
  0x00000211b35849b0 WorkerThread "GC Thread#3" [stack: 0x0000004d77b00000,0x0000004d77c00000] [id=6896]
  0x00000211b3f96c60 WorkerThread "GC Thread#4" [stack: 0x0000004d77c00000,0x0000004d77d00000] [id=1620]
  0x00000211903584c0 ConcurrentGCThread "G1 Main Marker" [stack: 0x0000004d76800000,0x0000004d76900000] [id=12424]
  0x00000211903594f0 WorkerThread "G1 Conc#0" [stack: 0x0000004d76900000,0x0000004d76a00000] [id=14228]
  0x000002119039e4b0 ConcurrentGCThread "G1 Refine#0" [stack: 0x0000004d76a00000,0x0000004d76b00000] [id=14236]
  0x000002119039ec60 ConcurrentGCThread "G1 Service" [stack: 0x0000004d76b00000,0x0000004d76c00000] [id=13476]

Threads with active compile tasks:
C2 CompilerThread0     2910 2068       4       java.lang.invoke.MethodType::makeImpl (109 bytes)

VM state: not at safepoint (normal execution)

VM Mutex/Monitor currently owned by a thread:  ([mutex/lock_event])
[0x00000211902e4320] SystemDictionary_lock - owner thread: 0x00000211b42f3090

Heap address: 0x0000000080000000, size: 2048 MB, Compressed Oops mode: 32-bit

CDS archive(s) mapped at: [0x0000000800000000-0x0000000800ba0000-0x0000000800ba0000), size 12189696, SharedBaseAddress: 0x0000000800000000, ArchiveRelocationMode: 0.
Compressed class space mapped at: 0x0000000800c00000-0x000000081a800000, reserved size: 432013312
Narrow klass base: 0x0000000800000000, Narrow klass shift: 0, Narrow klass range: 0x100000000

GC Precious Log:
 CardTable entry size: 512
 Card Set container configuration: InlinePtr #cards 5 size 8 Array Of Cards #cards 12 size 40 Howl #buckets 4 coarsen threshold 1843 Howl Bitmap #cards 512 size 80 coarsen threshold 460 Card regions per heap region 1 cards per card region 2048
 CPUs: 12 total, 12 available
 Memory: 7579M
 Large Page Support: Disabled
 NUMA Support: Disabled
 Compressed Oops: Enabled (32-bit)
 Heap Region Size: 1M
 Heap Min Capacity: 8M
 Heap Initial Capacity: 120M
 Heap Max Capacity: 2G
 Pre-touch: Disabled
 Parallel Workers: 10
 Concurrent Workers: 3
 Concurrent Refinement Workers: 10
 Periodic GC: Disabled

Heap:
 garbage-first heap   total 122880K, used 48128K [0x0000000080000000, 0x0000000100000000)
  region size 1024K, 39 young (39936K), 4 survivors (4096K)
 Metaspace       used 11613K, committed 11968K, reserved 487424K
  class space    used 1579K, committed 1728K, reserved 421888K

Heap Regions: E=young(eden), S=young(survivor), O=old, HS=humongous(starts), HC=humongous(continues), CS=collection set, F=free, OA=open archive, CA=closed archive, TAMS=top-at-mark-start (previous, next)
|   0|0x0000000080000000, 0x0000000080000000, 0x0000000080100000|  0%| F|  |TAMS 0x0000000080000000, 0x0000000080000000| Untracked 
|   1|0x0000000080100000, 0x0000000080200000, 0x0000000080200000|100%| O|  |TAMS 0x0000000080100000, 0x0000000080100000| Untracked 
|   2|0x0000000080200000, 0x0000000080300000, 0x0000000080300000|100%| O|  |TAMS 0x0000000080200000, 0x0000000080200000| Untracked 
|   3|0x0000000080300000, 0x0000000080400000, 0x0000000080400000|100%|HS|  |TAMS 0x0000000080300000, 0x0000000080300000| Complete 
|   4|0x0000000080400000, 0x0000000080500000, 0x0000000080500000|100%|HC|  |TAMS 0x0000000080400000, 0x0000000080400000| Complete 
|   5|0x0000000080500000, 0x0000000080600000, 0x0000000080600000|100%|HC|  |TAMS 0x0000000080500000, 0x0000000080500000| Complete 
|   6|0x0000000080600000, 0x0000000080700000, 0x0000000080700000|100%| O|  |TAMS 0x0000000080600000, 0x0000000080600000| Untracked 
|   7|0x0000000080700000, 0x0000000080800000, 0x0000000080800000|100%| O|  |TAMS 0x0000000080700000, 0x0000000080700000| Untracked 
|   8|0x0000000080800000, 0x0000000080900000, 0x0000000080900000|100%| O|  |TAMS 0x0000000080800000, 0x0000000080800000| Untracked 
|   9|0x0000000080900000, 0x0000000080a00000, 0x0000000080a00000|100%| O|  |TAMS 0x0000000080900000, 0x0000000080900000| Untracked 
|  10|0x0000000080a00000, 0x0000000080a00000, 0x0000000080b00000|  0%| F|  |TAMS 0x0000000080a00000, 0x0000000080a00000| Untracked 
|  11|0x0000000080b00000, 0x0000000080b00000, 0x0000000080c00000|  0%| F|  |TAMS 0x0000000080b00000, 0x0000000080b00000| Untracked 
|  12|0x0000000080c00000, 0x0000000080c00000, 0x0000000080d00000|  0%| F|  |TAMS 0x0000000080c00000, 0x0000000080c00000| Untracked 
|  13|0x0000000080d00000, 0x0000000080d00000, 0x0000000080e00000|  0%| F|  |TAMS 0x0000000080d00000, 0x0000000080d00000| Untracked 
|  14|0x0000000080e00000, 0x0000000080e00000, 0x0000000080f00000|  0%| F|  |TAMS 0x0000000080e00000, 0x0000000080e00000| Untracked 
|  15|0x0000000080f00000, 0x0000000080f00000, 0x0000000081000000|  0%| F|  |TAMS 0x0000000080f00000, 0x0000000080f00000| Untracked 
|  16|0x0000000081000000, 0x0000000081000000, 0x0000000081100000|  0%| F|  |TAMS 0x0000000081000000, 0x0000000081000000| Untracked 
|  17|0x0000000081100000, 0x0000000081100000, 0x0000000081200000|  0%| F|  |TAMS 0x0000000081100000, 0x0000000081100000| Untracked 
|  18|0x0000000081200000, 0x0000000081200000, 0x0000000081300000|  0%| F|  |TAMS 0x0000000081200000, 0x0000000081200000| Untracked 
|  19|0x0000000081300000, 0x0000000081300000, 0x0000000081400000|  0%| F|  |TAMS 0x0000000081300000, 0x0000000081300000| Untracked 
|  20|0x0000000081400000, 0x0000000081400000, 0x0000000081500000|  0%| F|  |TAMS 0x0000000081400000, 0x0000000081400000| Untracked 
|  21|0x0000000081500000, 0x0000000081500000, 0x0000000081600000|  0%| F|  |TAMS 0x0000000081500000, 0x0000000081500000| Untracked 
|  22|0x0000000081600000, 0x0000000081600000, 0x0000000081700000|  0%| F|  |TAMS 0x0000000081600000, 0x0000000081600000| Untracked 
|  23|0x0000000081700000, 0x0000000081700000, 0x0000000081800000|  0%| F|  |TAMS 0x0000000081700000, 0x0000000081700000| Untracked 
|  24|0x0000000081800000, 0x0000000081800000, 0x0000000081900000|  0%| F|  |TAMS 0x0000000081800000, 0x0000000081800000| Untracked 
|  25|0x0000000081900000, 0x0000000081900000, 0x0000000081a00000|  0%| F|  |TAMS 0x0000000081900000, 0x0000000081900000| Untracked 
|  26|0x0000000081a00000, 0x0000000081a00000, 0x0000000081b00000|  0%| F|  |TAMS 0x0000000081a00000, 0x0000000081a00000| Untracked 
|  27|0x0000000081b00000, 0x0000000081b00000, 0x0000000081c00000|  0%| F|  |TAMS 0x0000000081b00000, 0x0000000081b00000| Untracked 
|  28|0x0000000081c00000, 0x0000000081c00000, 0x0000000081d00000|  0%| F|  |TAMS 0x0000000081c00000, 0x0000000081c00000| Untracked 
|  29|0x0000000081d00000, 0x0000000081d00000, 0x0000000081e00000|  0%| F|  |TAMS 0x0000000081d00000, 0x0000000081d00000| Untracked 
|  30|0x0000000081e00000, 0x0000000081e00000, 0x0000000081f00000|  0%| F|  |TAMS 0x0000000081e00000, 0x0000000081e00000| Untracked 
|  31|0x0000000081f00000, 0x0000000081f00000, 0x0000000082000000|  0%| F|  |TAMS 0x0000000081f00000, 0x0000000081f00000| Untracked 
|  32|0x0000000082000000, 0x0000000082000000, 0x0000000082100000|  0%| F|  |TAMS 0x0000000082000000, 0x0000000082000000| Untracked 
|  33|0x0000000082100000, 0x0000000082100000, 0x0000000082200000|  0%| F|  |TAMS 0x0000000082100000, 0x0000000082100000| Untracked 
|  34|0x0000000082200000, 0x0000000082200000, 0x0000000082300000|  0%| F|  |TAMS 0x0000000082200000, 0x0000000082200000| Untracked 
|  35|0x0000000082300000, 0x0000000082300000, 0x0000000082400000|  0%| F|  |TAMS 0x0000000082300000, 0x0000000082300000| Untracked 
|  36|0x0000000082400000, 0x0000000082400000, 0x0000000082500000|  0%| F|  |TAMS 0x0000000082400000, 0x0000000082400000| Untracked 
|  37|0x0000000082500000, 0x0000000082500000, 0x0000000082600000|  0%| F|  |TAMS 0x0000000082500000, 0x0000000082500000| Untracked 
|  38|0x0000000082600000, 0x0000000082600000, 0x0000000082700000|  0%| F|  |TAMS 0x0000000082600000, 0x0000000082600000| Untracked 
|  39|0x0000000082700000, 0x0000000082700000, 0x0000000082800000|  0%| F|  |TAMS 0x0000000082700000, 0x0000000082700000| Untracked 
|  40|0x0000000082800000, 0x0000000082800000, 0x0000000082900000|  0%| F|  |TAMS 0x0000000082800000, 0x0000000082800000| Untracked 
|  41|0x0000000082900000, 0x0000000082900000, 0x0000000082a00000|  0%| F|  |TAMS 0x0000000082900000, 0x0000000082900000| Untracked 
|  42|0x0000000082a00000, 0x0000000082a00000, 0x0000000082b00000|  0%| F|  |TAMS 0x0000000082a00000, 0x0000000082a00000| Untracked 
|  43|0x0000000082b00000, 0x0000000082b00000, 0x0000000082c00000|  0%| F|  |TAMS 0x0000000082b00000, 0x0000000082b00000| Untracked 
|  44|0x0000000082c00000, 0x0000000082c00000, 0x0000000082d00000|  0%| F|  |TAMS 0x0000000082c00000, 0x0000000082c00000| Untracked 
|  45|0x0000000082d00000, 0x0000000082d00000, 0x0000000082e00000|  0%| F|  |TAMS 0x0000000082d00000, 0x0000000082d00000| Untracked 
|  46|0x0000000082e00000, 0x0000000082e00000, 0x0000000082f00000|  0%| F|  |TAMS 0x0000000082e00000, 0x0000000082e00000| Untracked 
|  47|0x0000000082f00000, 0x0000000082f00000, 0x0000000083000000|  0%| F|  |TAMS 0x0000000082f00000, 0x0000000082f00000| Untracked 
|  48|0x0000000083000000, 0x0000000083000000, 0x0000000083100000|  0%| F|  |TAMS 0x0000000083000000, 0x0000000083000000| Untracked 
|  49|0x0000000083100000, 0x0000000083100000, 0x0000000083200000|  0%| F|  |TAMS 0x0000000083100000, 0x0000000083100000| Untracked 
|  50|0x0000000083200000, 0x0000000083200000, 0x0000000083300000|  0%| F|  |TAMS 0x0000000083200000, 0x0000000083200000| Untracked 
|  51|0x0000000083300000, 0x0000000083300000, 0x0000000083400000|  0%| F|  |TAMS 0x0000000083300000, 0x0000000083300000| Untracked 
|  52|0x0000000083400000, 0x0000000083400000, 0x0000000083500000|  0%| F|  |TAMS 0x0000000083400000, 0x0000000083400000| Untracked 
|  53|0x0000000083500000, 0x0000000083500000, 0x0000000083600000|  0%| F|  |TAMS 0x0000000083500000, 0x0000000083500000| Untracked 
|  54|0x0000000083600000, 0x0000000083600000, 0x0000000083700000|  0%| F|  |TAMS 0x0000000083600000, 0x0000000083600000| Untracked 
|  55|0x0000000083700000, 0x0000000083700000, 0x0000000083800000|  0%| F|  |TAMS 0x0000000083700000, 0x0000000083700000| Untracked 
|  56|0x0000000083800000, 0x0000000083800000, 0x0000000083900000|  0%| F|  |TAMS 0x0000000083800000, 0x0000000083800000| Untracked 
|  57|0x0000000083900000, 0x0000000083900000, 0x0000000083a00000|  0%| F|  |TAMS 0x0000000083900000, 0x0000000083900000| Untracked 
|  58|0x0000000083a00000, 0x0000000083a00000, 0x0000000083b00000|  0%| F|  |TAMS 0x0000000083a00000, 0x0000000083a00000| Untracked 
|  59|0x0000000083b00000, 0x0000000083b00000, 0x0000000083c00000|  0%| F|  |TAMS 0x0000000083b00000, 0x0000000083b00000| Untracked 
|  60|0x0000000083c00000, 0x0000000083c00000, 0x0000000083d00000|  0%| F|  |TAMS 0x0000000083c00000, 0x0000000083c00000| Untracked 
|  61|0x0000000083d00000, 0x0000000083d00000, 0x0000000083e00000|  0%| F|  |TAMS 0x0000000083d00000, 0x0000000083d00000| Untracked 
|  62|0x0000000083e00000, 0x0000000083e00000, 0x0000000083f00000|  0%| F|  |TAMS 0x0000000083e00000, 0x0000000083e00000| Untracked 
|  63|0x0000000083f00000, 0x0000000083f00000, 0x0000000084000000|  0%| F|  |TAMS 0x0000000083f00000, 0x0000000083f00000| Untracked 
|  64|0x0000000084000000, 0x0000000084000000, 0x0000000084100000|  0%| F|  |TAMS 0x0000000084000000, 0x0000000084000000| Untracked 
|  65|0x0000000084100000, 0x0000000084100000, 0x0000000084200000|  0%| F|  |TAMS 0x0000000084100000, 0x0000000084100000| Untracked 
|  66|0x0000000084200000, 0x0000000084200000, 0x0000000084300000|  0%| F|  |TAMS 0x0000000084200000, 0x0000000084200000| Untracked 
|  67|0x0000000084300000, 0x0000000084300000, 0x0000000084400000|  0%| F|  |TAMS 0x0000000084300000, 0x0000000084300000| Untracked 
|  68|0x0000000084400000, 0x0000000084400000, 0x0000000084500000|  0%| F|  |TAMS 0x0000000084400000, 0x0000000084400000| Untracked 
|  69|0x0000000084500000, 0x0000000084500000, 0x0000000084600000|  0%| F|  |TAMS 0x0000000084500000, 0x0000000084500000| Untracked 
|  70|0x0000000084600000, 0x0000000084600000, 0x0000000084700000|  0%| F|  |TAMS 0x0000000084600000, 0x0000000084600000| Untracked 
|  71|0x0000000084700000, 0x0000000084700000, 0x0000000084800000|  0%| F|  |TAMS 0x0000000084700000, 0x0000000084700000| Untracked 
|  72|0x0000000084800000, 0x0000000084800000, 0x0000000084900000|  0%| F|  |TAMS 0x0000000084800000, 0x0000000084800000| Untracked 
|  73|0x0000000084900000, 0x0000000084900000, 0x0000000084a00000|  0%| F|  |TAMS 0x0000000084900000, 0x0000000084900000| Untracked 
|  74|0x0000000084a00000, 0x0000000084a00000, 0x0000000084b00000|  0%| F|  |TAMS 0x0000000084a00000, 0x0000000084a00000| Untracked 
|  75|0x0000000084b00000, 0x0000000084b00000, 0x0000000084c00000|  0%| F|  |TAMS 0x0000000084b00000, 0x0000000084b00000| Untracked 
|  76|0x0000000084c00000, 0x0000000084c00000, 0x0000000084d00000|  0%| F|  |TAMS 0x0000000084c00000, 0x0000000084c00000| Untracked 
|  77|0x0000000084d00000, 0x0000000084d00000, 0x0000000084e00000|  0%| F|  |TAMS 0x0000000084d00000, 0x0000000084d00000| Untracked 
|  78|0x0000000084e00000, 0x0000000084e00000, 0x0000000084f00000|  0%| F|  |TAMS 0x0000000084e00000, 0x0000000084e00000| Untracked 
|  79|0x0000000084f00000, 0x0000000084f00000, 0x0000000085000000|  0%| F|  |TAMS 0x0000000084f00000, 0x0000000084f00000| Untracked 
|  80|0x0000000085000000, 0x0000000085000000, 0x0000000085100000|  0%| F|  |TAMS 0x0000000085000000, 0x0000000085000000| Untracked 
|  81|0x0000000085100000, 0x0000000085200000, 0x0000000085200000|100%| E|  |TAMS 0x0000000085100000, 0x0000000085100000| Complete 
|  82|0x0000000085200000, 0x0000000085300000, 0x0000000085300000|100%| E|CS|TAMS 0x0000000085200000, 0x0000000085200000| Complete 
|  83|0x0000000085300000, 0x0000000085400000, 0x0000000085400000|100%| E|CS|TAMS 0x0000000085300000, 0x0000000085300000| Complete 
|  84|0x0000000085400000, 0x0000000085500000, 0x0000000085500000|100%| E|CS|TAMS 0x0000000085400000, 0x0000000085400000| Complete 
|  85|0x0000000085500000, 0x0000000085600000, 0x0000000085600000|100%| S|CS|TAMS 0x0000000085500000, 0x0000000085500000| Complete 
|  86|0x0000000085600000, 0x0000000085700000, 0x0000000085700000|100%| S|CS|TAMS 0x0000000085600000, 0x0000000085600000| Complete 
|  87|0x0000000085700000, 0x0000000085800000, 0x0000000085800000|100%| S|CS|TAMS 0x0000000085700000, 0x0000000085700000| Complete 
|  88|0x0000000085800000, 0x0000000085900000, 0x0000000085900000|100%| S|CS|TAMS 0x0000000085800000, 0x0000000085800000| Complete 
|  89|0x0000000085900000, 0x0000000085a00000, 0x0000000085a00000|100%| E|CS|TAMS 0x0000000085900000, 0x0000000085900000| Complete 
|  90|0x0000000085a00000, 0x0000000085b00000, 0x0000000085b00000|100%| E|CS|TAMS 0x0000000085a00000, 0x0000000085a00000| Complete 
|  91|0x0000000085b00000, 0x0000000085c00000, 0x0000000085c00000|100%| E|CS|TAMS 0x0000000085b00000, 0x0000000085b00000| Complete 
|  92|0x0000000085c00000, 0x0000000085d00000, 0x0000000085d00000|100%| E|CS|TAMS 0x0000000085c00000, 0x0000000085c00000| Complete 
|  93|0x0000000085d00000, 0x0000000085e00000, 0x0000000085e00000|100%| E|CS|TAMS 0x0000000085d00000, 0x0000000085d00000| Complete 
|  94|0x0000000085e00000, 0x0000000085f00000, 0x0000000085f00000|100%| E|CS|TAMS 0x0000000085e00000, 0x0000000085e00000| Complete 
|  95|0x0000000085f00000, 0x0000000086000000, 0x0000000086000000|100%| E|CS|TAMS 0x0000000085f00000, 0x0000000085f00000| Complete 
|  96|0x0000000086000000, 0x0000000086100000, 0x0000000086100000|100%| E|CS|TAMS 0x0000000086000000, 0x0000000086000000| Complete 
|  97|0x0000000086100000, 0x0000000086200000, 0x0000000086200000|100%| E|CS|TAMS 0x0000000086100000, 0x0000000086100000| Complete 
|  98|0x0000000086200000, 0x0000000086300000, 0x0000000086300000|100%| E|CS|TAMS 0x0000000086200000, 0x0000000086200000| Complete 
|  99|0x0000000086300000, 0x0000000086400000, 0x0000000086400000|100%| E|CS|TAMS 0x0000000086300000, 0x0000000086300000| Complete 
| 100|0x0000000086400000, 0x0000000086500000, 0x0000000086500000|100%| E|CS|TAMS 0x0000000086400000, 0x0000000086400000| Complete 
| 101|0x0000000086500000, 0x0000000086600000, 0x0000000086600000|100%| E|CS|TAMS 0x0000000086500000, 0x0000000086500000| Complete 
| 102|0x0000000086600000, 0x0000000086700000, 0x0000000086700000|100%| E|CS|TAMS 0x0000000086600000, 0x0000000086600000| Complete 
| 103|0x0000000086700000, 0x0000000086800000, 0x0000000086800000|100%| E|CS|TAMS 0x0000000086700000, 0x0000000086700000| Complete 
| 104|0x0000000086800000, 0x0000000086900000, 0x0000000086900000|100%| E|CS|TAMS 0x0000000086800000, 0x0000000086800000| Complete 
| 105|0x0000000086900000, 0x0000000086a00000, 0x0000000086a00000|100%| E|CS|TAMS 0x0000000086900000, 0x0000000086900000| Complete 
| 106|0x0000000086a00000, 0x0000000086b00000, 0x0000000086b00000|100%| E|CS|TAMS 0x0000000086a00000, 0x0000000086a00000| Complete 
| 107|0x0000000086b00000, 0x0000000086c00000, 0x0000000086c00000|100%| E|CS|TAMS 0x0000000086b00000, 0x0000000086b00000| Complete 
| 108|0x0000000086c00000, 0x0000000086d00000, 0x0000000086d00000|100%| E|CS|TAMS 0x0000000086c00000, 0x0000000086c00000| Complete 
| 109|0x0000000086d00000, 0x0000000086e00000, 0x0000000086e00000|100%| E|CS|TAMS 0x0000000086d00000, 0x0000000086d00000| Complete 
| 110|0x0000000086e00000, 0x0000000086f00000, 0x0000000086f00000|100%| E|CS|TAMS 0x0000000086e00000, 0x0000000086e00000| Complete 
| 111|0x0000000086f00000, 0x0000000087000000, 0x0000000087000000|100%| E|CS|TAMS 0x0000000086f00000, 0x0000000086f00000| Complete 
| 112|0x0000000087000000, 0x0000000087100000, 0x0000000087100000|100%| E|CS|TAMS 0x0000000087000000, 0x0000000087000000| Complete 
| 113|0x0000000087100000, 0x0000000087200000, 0x0000000087200000|100%| E|CS|TAMS 0x0000000087100000, 0x0000000087100000| Complete 
| 114|0x0000000087200000, 0x0000000087300000, 0x0000000087300000|100%| E|CS|TAMS 0x0000000087200000, 0x0000000087200000| Complete 
| 115|0x0000000087300000, 0x0000000087400000, 0x0000000087400000|100%| E|CS|TAMS 0x0000000087300000, 0x0000000087300000| Complete 
| 116|0x0000000087400000, 0x0000000087500000, 0x0000000087500000|100%| E|CS|TAMS 0x0000000087400000, 0x0000000087400000| Complete 
| 117|0x0000000087500000, 0x0000000087600000, 0x0000000087600000|100%| E|CS|TAMS 0x0000000087500000, 0x0000000087500000| Complete 
| 118|0x0000000087600000, 0x0000000087700000, 0x0000000087700000|100%| E|CS|TAMS 0x0000000087600000, 0x0000000087600000| Complete 
| 119|0x0000000087700000, 0x0000000087800000, 0x0000000087800000|100%| E|CS|TAMS 0x0000000087700000, 0x0000000087700000| Complete 

Card table byte_map: [0x00000211a7560000,0x00000211a7960000] _byte_map_base: 0x00000211a7160000

Marking Bits (Prev, Next): (CMBitMap*) 0x0000021190346b80, (CMBitMap*) 0x0000021190346bc0
 Prev Bits: [0x00000211a7d60000, 0x00000211a9d60000)
 Next Bits: [0x00000211a9d60000, 0x00000211abd60000)

Polling page: 0x000002118faa0000

Metaspace:

Usage:
  Non-class:      9.82 MB used.
      Class:      1.55 MB used.
       Both:     11.36 MB used.

Virtual space:
  Non-class space:       64.00 MB reserved,      10.00 MB ( 16%) committed,  1 nodes.
      Class space:      412.00 MB reserved,       1.69 MB ( <1%) committed,  1 nodes.
             Both:      476.00 MB reserved,      11.69 MB (  2%) committed. 

Chunk freelists:
   Non-Class:  1.16 MB
       Class:  2.19 MB
        Both:  3.34 MB

MaxMetaspaceSize: 512.00 MB
CompressedClassSpaceSize: 412.00 MB
Initial GC threshold: 21.00 MB
Current GC threshold: 21.00 MB
CDS: on
MetaspaceReclaimPolicy: balanced
 - commit_granule_bytes: 65536.
 - commit_granule_words: 8192.
 - virtual_space_node_default_size: 8388608.
 - enlarge_chunks_in_place: 1.
 - new_chunks_are_fully_committed: 0.
 - uncommit_free_chunks: 1.
 - use_allocation_guard: 0.


Internal statistics:

num_allocs_failed_limit: 0.
num_arena_births: 400.
num_arena_deaths: 0.
num_vsnodes_births: 2.
num_vsnodes_deaths: 0.
num_space_committed: 187.
num_space_uncommitted: 0.
num_chunks_returned_to_freelist: 0.
num_chunks_taken_from_freelist: 790.
num_chunk_merges: 0.
num_chunk_splits: 497.
num_chunks_enlarged: 326.
num_inconsistent_stats: 0.

CodeHeap 'non-profiled nmethods': size=120000Kb used=839Kb max_used=839Kb free=119161Kb
 bounds [0x000002119f6d0000, 0x000002119f940000, 0x00000211a6c00000]
CodeHeap 'profiled nmethods': size=120000Kb used=4338Kb max_used=4338Kb free=115661Kb
 bounds [0x00000211981a0000, 0x00000211985e0000, 0x000002119f6d0000]
CodeHeap 'non-nmethods': size=5760Kb used=1215Kb max_used=1229Kb free=4544Kb
 bounds [0x0000021197c00000, 0x0000021197e70000, 0x00000211981a0000]
 total_blobs=2596 nmethods=2089 adapters=419
 compilation: enabled
              stopped_count=0, restarted_count=0
 full_count=0

Compilation events (20 events):
Event: 2.863 Thread 0x00000211ae97d1e0 nmethod 2060 0x00000211985c1b10 code [0x00000211985c1ca0, 0x00000211985c1dc8]
Event: 2.863 Thread 0x00000211ae97d1e0 2061       3       java.lang.invoke.BoundMethodHandle::makeReinvoker (27 bytes)
Event: 2.863 Thread 0x00000211ae97d1e0 nmethod 2061 0x00000211985c1e90 code [0x00000211985c2040, 0x00000211985c2308]
Event: 2.863 Thread 0x00000211ae97d1e0 2065   !   3       java.lang.invoke.BoundMethodHandle$Species_L::copyWithExtendL (31 bytes)
Event: 2.863 Thread 0x00000211ae97d1e0 nmethod 2065 0x00000211985c2410 code [0x00000211985c2640, 0x00000211985c3188]
Event: 2.864 Thread 0x00000211ae97a7f0 2068       4       java.lang.invoke.MethodType::makeImpl (109 bytes)
Event: 2.864 Thread 0x00000211ae97d1e0 2070       3       java.lang.invoke.InvokerBytecodeGenerator::emitIconstInsn (75 bytes)
Event: 2.865 Thread 0x00000211ae97d1e0 nmethod 2070 0x00000211985c3490 code [0x00000211985c36c0, 0x00000211985c3f78]
Event: 2.865 Thread 0x00000211ae97d1e0 2071       3       java.lang.invoke.LambdaFormEditor::filterArgumentForm (121 bytes)
Event: 2.865 Thread 0x00000211ae97d1e0 nmethod 2071 0x00000211985c4190 code [0x00000211985c43a0, 0x00000211985c4798]
Event: 2.866 Thread 0x00000211ae97d1e0 2072       3       jdk.internal.org.objectweb.asm.ClassWriter::visit (160 bytes)
Event: 2.867 Thread 0x00000211ae97d1e0 nmethod 2072 0x00000211985c4a10 code [0x00000211985c4c40, 0x00000211985c5478]
Event: 2.867 Thread 0x00000211ae97d1e0 2074       3       jdk.internal.org.objectweb.asm.ClassWriter::toByteArray (1515 bytes)
Event: 2.873 Thread 0x00000211ae97d1e0 nmethod 2074 0x00000211985c5890 code [0x00000211985c61c0, 0x00000211985c9f58]
Event: 2.873 Thread 0x00000211ae97d1e0 2075       3       java.lang.invoke.MethodHandle::asType (32 bytes)
Event: 2.874 Thread 0x00000211ae97d1e0 nmethod 2075 0x00000211985cbf10 code [0x00000211985cc140, 0x00000211985cc868]
Event: 2.874 Thread 0x00000211ae97d1e0 2073       3       jdk.internal.org.objectweb.asm.SymbolTable::setMajorVersionAndClassName (19 bytes)
Event: 2.874 Thread 0x00000211ae97d1e0 nmethod 2073 0x00000211985cca90 code [0x00000211985ccc40, 0x00000211985cce48]
Event: 2.877 Thread 0x00000211ae97d1e0 2076       3       java.util.ImmutableCollections$List12::<init> (20 bytes)
Event: 2.878 Thread 0x00000211ae97d1e0 nmethod 2076 0x00000211985ccf90 code [0x00000211985cd160, 0x00000211985cd608]

GC Heap History (4 events):
Event: 1.086 GC heap before
{Heap before GC invocations=0 (full 0):
 garbage-first heap   total 122880K, used 28672K [0x0000000080000000, 0x0000000100000000)
  region size 1024K, 23 young (23552K), 0 survivors (0K)
 Metaspace       used 2991K, committed 3136K, reserved 487424K
  class space    used 374K, committed 448K, reserved 421888K
}
Event: 1.095 GC heap after
{Heap after GC invocations=1 (full 0):
 garbage-first heap   total 122880K, used 8912K [0x0000000080000000, 0x0000000100000000)
  region size 1024K, 3 young (3072K), 3 survivors (3072K)
 Metaspace       used 2991K, committed 3136K, reserved 487424K
  class space    used 374K, committed 448K, reserved 421888K
}
Event: 1.643 GC heap before
{Heap before GC invocations=1 (full 0):
 garbage-first heap   total 122880K, used 37584K [0x0000000080000000, 0x0000000100000000)
  region size 1024K, 31 young (31744K), 3 survivors (3072K)
 Metaspace       used 3944K, committed 4096K, reserved 487424K
  class space    used 473K, committed 576K, reserved 421888K
}
Event: 1.650 GC heap after
{Heap after GC invocations=2 (full 0):
 garbage-first heap   total 122880K, used 13312K [0x0000000080000000, 0x0000000100000000)
  region size 1024K, 4 young (4096K), 4 survivors (4096K)
 Metaspace       used 3944K, committed 4096K, reserved 487424K
  class space    used 473K, committed 576K, reserved 421888K
}

Deoptimization events (20 events):
Event: 2.754 Thread 0x00000211b42f3090 Uncommon trap: trap_request=0xffffff45 fr.pc=0x000002119f6e5938 relative=0x0000000000000198
Event: 2.754 Thread 0x00000211b42f3090 Uncommon trap: reason=unstable_if action=reinterpret pc=0x000002119f6e5938 method=java.util.regex.Matcher.reset()Ljava/util/regex/Matcher; @ 47 c2
Event: 2.755 Thread 0x00000211b42f3090 DEOPT PACKING pc=0x000002119f6e5938 sp=0x0000004d783fb660
Event: 2.755 Thread 0x00000211b42f3090 DEOPT UNPACKING pc=0x0000021197c523a3 sp=0x0000004d783fb5e8 mode 2
Event: 2.755 Thread 0x00000211b42f3090 Uncommon trap: trap_request=0xffffff45 fr.pc=0x000002119f6e61dc relative=0x000000000000047c
Event: 2.755 Thread 0x00000211b42f3090 Uncommon trap: reason=unstable_if action=reinterpret pc=0x000002119f6e61dc method=java.util.regex.Matcher.match(II)Z @ 76 c2
Event: 2.755 Thread 0x00000211b42f3090 DEOPT PACKING pc=0x000002119f6e61dc sp=0x0000004d783fb690
Event: 2.755 Thread 0x00000211b42f3090 DEOPT UNPACKING pc=0x0000021197c523a3 sp=0x0000004d783fb660 mode 2
Event: 2.776 Thread 0x00000211b42f3090 Uncommon trap: trap_request=0xffffff45 fr.pc=0x000002119f75703c relative=0x000000000000071c
Event: 2.776 Thread 0x00000211b42f3090 Uncommon trap: reason=unstable_if action=reinterpret pc=0x000002119f75703c method=java.util.ArrayList.grow(I)[Ljava/lang/Object; @ 17 c2
Event: 2.776 Thread 0x00000211b42f3090 DEOPT PACKING pc=0x000002119f75703c sp=0x0000004d783fd820
Event: 2.777 Thread 0x00000211b42f3090 DEOPT UNPACKING pc=0x0000021197c523a3 sp=0x0000004d783fd6b8 mode 2
Event: 2.854 Thread 0x00000211b42f3090 Uncommon trap: trap_request=0xffffff45 fr.pc=0x000002119f779630 relative=0x00000000000003d0
Event: 2.854 Thread 0x00000211b42f3090 Uncommon trap: reason=unstable_if action=reinterpret pc=0x000002119f779630 method=jdk.internal.org.objectweb.asm.Frame.push(I)V @ 26 c2
Event: 2.854 Thread 0x00000211b42f3090 DEOPT PACKING pc=0x000002119f779630 sp=0x0000004d783fcda0
Event: 2.854 Thread 0x00000211b42f3090 DEOPT UNPACKING pc=0x0000021197c523a3 sp=0x0000004d783fcca8 mode 2
Event: 2.855 Thread 0x00000211b42f3090 Uncommon trap: trap_request=0xffffff45 fr.pc=0x000002119f79c430 relative=0x0000000000000210
Event: 2.855 Thread 0x00000211b42f3090 Uncommon trap: reason=unstable_if action=reinterpret pc=0x000002119f79c430 method=jdk.internal.org.objectweb.asm.Frame.push(I)V @ 26 c2
Event: 2.855 Thread 0x00000211b42f3090 DEOPT PACKING pc=0x000002119f79c430 sp=0x0000004d783fc610
Event: 2.855 Thread 0x00000211b42f3090 DEOPT UNPACKING pc=0x0000021197c523a3 sp=0x0000004d783fc5c8 mode 2

Classes loaded (20 events):
Event: 2.553 Loading class java/util/function/LongSupplier
Event: 2.553 Loading class java/util/function/LongSupplier done
Event: 2.616 Loading class sun/reflect/generics/tree/VoidDescriptor
Event: 2.616 Loading class sun/reflect/generics/tree/VoidDescriptor done
Event: 2.677 Loading class sun/reflect/generics/scope/ConstructorScope
Event: 2.678 Loading class sun/reflect/generics/scope/ConstructorScope done
Event: 2.701 Loading class java/util/concurrent/ExecutionException
Event: 2.701 Loading class java/util/concurrent/ExecutionException done
Event: 2.701 Loading class java/util/concurrent/ArrayBlockingQueue
Event: 2.702 Loading class java/util/concurrent/ArrayBlockingQueue done
Event: 2.702 Loading class java/util/concurrent/locks/ReentrantLock$FairSync
Event: 2.702 Loading class java/util/concurrent/locks/ReentrantLock$FairSync done
Event: 2.721 Loading class sun/misc/Unsafe
Event: 2.722 Loading class sun/misc/Unsafe done
Event: 2.728 Loading class java/util/concurrent/atomic/AtomicReferenceArray
Event: 2.728 Loading class java/util/concurrent/atomic/AtomicReferenceArray done
Event: 2.737 Loading class java/net/DatagramPacket
Event: 2.737 Loading class java/net/DatagramPacket done
Event: 2.737 Loading class sun/nio/ch/DatagramSocketAdaptor$DatagramPackets
Event: 2.737 Loading class sun/nio/ch/DatagramSocketAdaptor$DatagramPackets done

Classes unloaded (0 events):
No events

Classes redefined (0 events):
No events

Internal exceptions (20 events):
Event: 1.972 Thread 0x00000211902e6970 Exception <a 'java/lang/NoSuchMethodError'{0x0000000086b03848}: 'java.lang.Object java.lang.invoke.DirectMethodHandle$Holder.invokeVirtual(java.lang.Object, java.lang.Object, java.lang.Object, java.lang.Object, java.lang.Object, java.lang.Object, java.lang.Object, java.lang.Object)'> (0x0000000086b03848) 
thrown [t:\workspace\open\src\hotspot\share\interpreter\linkResolver.cpp, line 766]
Event: 1.972 Thread 0x00000211902e6970 Exception <a 'java/lang/NoSuchMethodError'{0x0000000086b08a90}: 'java.lang.Object java.lang.invoke.DirectMethodHandle$Holder.invokeSpecial(java.lang.Object, java.lang.Object, java.lang.Object, java.lang.Object, java.lang.Object, java.lang.Object, java.lang.Object, java.lang.Object, java.lang.Object)'> (0x0000000086b08a90) 
thrown [t:\workspace\open\src\hotspot\share\interpreter\linkResolver.cpp, line 766]
Event: 2.045 Thread 0x00000211902e6970 Exception <a 'java/lang/NoSuchMethodError'{0x00000000869e7728}: 'java.lang.Object java.lang.invoke.DirectMethodHandle$Holder.invokeStaticInit(java.lang.Object, int, int, int, int)'> (0x00000000869e7728) 
thrown [t:\workspace\open\src\hotspot\share\interpreter\linkResolver.cpp, line 766]
Event: 2.088 Thread 0x00000211902e6970 Exception <a 'java/lang/NoSuchMethodError'{0x0000000086846018}: 'java.lang.Object java.lang.invoke.DirectMethodHandle$Holder.invokeStaticInit(java.lang.Object, java.lang.Object, int, int, int, int)'> (0x0000000086846018) 
thrown [t:\workspace\open\src\hotspot\share\interpreter\linkResolver.cpp, line 766]
Event: 2.373 Thread 0x00000211902e6970 Exception <a 'java/lang/NoSuchMethodError'{0x00000000867b0d70}: 'void java.lang.invoke.DirectMethodHandle$Holder.invokeStatic(java.lang.Object, java.lang.Object, java.lang.Object)'> (0x00000000867b0d70) 
thrown [t:\workspace\open\src\hotspot\share\interpreter\linkResolver.cpp, line 766]
Event: 2.400 Thread 0x00000211902e6970 Exception <a 'java/io/IOException'{0x000000008664a000}> (0x000000008664a000) 
thrown [t:\workspace\open\src\hotspot\share\prims\jni.cpp, line 516]
Event: 2.555 Thread 0x00000211b42f3090 Exception <a 'java/lang/NoSuchMethodError'{0x000000008612bf58}: 'long java.lang.invoke.DirectMethodHandle$Holder.invokeInterface(java.lang.Object, java.lang.Object)'> (0x000000008612bf58) 
thrown [t:\workspace\open\src\hotspot\share\interpreter\linkResolver.cpp, line 766]
Event: 2.558 Thread 0x00000211b42f3090 Exception <a 'java/lang/NoSuchMethodError'{0x000000008613a0e8}: 'void java.lang.invoke.DelegatingMethodHandle$Holder.reinvoke_L(java.lang.Object, java.lang.Object, java.lang.Object, java.lang.Object, java.lang.Object, java.lang.Object, java.lang.Object)'> (0x000000008613a0e8) 
thrown [t:\workspace\open\src\hotspot\share\interpreter\linkResolver.cpp, line 766]
Event: 2.640 Thread 0x00000211b42f3090 Exception <a 'java/lang/NoSuchMethodError'{0x0000000085fdcf28}: 'void java.lang.invoke.DirectMethodHandle$Holder.invokeVirtual(java.lang.Object, java.lang.Object, java.lang.Object, java.lang.Object, java.lang.Object)'> (0x0000000085fdcf28) 
thrown [t:\workspace\open\src\hotspot\share\interpreter\linkResolver.cpp, line 766]
Event: 2.641 Thread 0x00000211b42f3090 Exception <a 'java/lang/NoSuchMethodError'{0x0000000085fe1040}: 'void java.lang.invoke.DirectMethodHandle$Holder.invokeSpecial(java.lang.Object, java.lang.Object, java.lang.Object, java.lang.Object, java.lang.Object, java.lang.Object)'> (0x0000000085fe1040) 
thrown [t:\workspace\open\src\hotspot\share\interpreter\linkResolver.cpp, line 766]
Event: 2.687 Thread 0x00000211b42f3090 Exception <a 'java/lang/NoSuchMethodError'{0x0000000085d42ec8}: 'void java.lang.invoke.DirectMethodHandle$Holder.invokeStaticInit(java.lang.Object)'> (0x0000000085d42ec8) 
thrown [t:\workspace\open\src\hotspot\share\interpreter\linkResolver.cpp, line 766]
Event: 2.689 Thread 0x00000211b42f3090 Exception <a 'java/lang/NoSuchMethodError'{0x0000000085d56658}: 'void java.lang.invoke.DirectMethodHandle$Holder.invokeSpecial(java.lang.Object, java.lang.Object, java.lang.Object)'> (0x0000000085d56658) 
thrown [t:\workspace\open\src\hotspot\share\interpreter\linkResolver.cpp, line 766]
Event: 2.703 Thread 0x00000211b42f3090 Exception <a 'java/lang/NoSuchMethodError'{0x0000000085dec140}: 'java.lang.Object java.lang.invoke.DirectMethodHandle$Holder.newInvokeSpecial(java.lang.Object, java.lang.Object, java.lang.Object, int)'> (0x0000000085dec140) 
thrown [t:\workspace\open\src\hotspot\share\interpreter\linkResolver.cpp, line 766]
Event: 2.704 Thread 0x00000211b42f3090 Exception <a 'java/lang/NoSuchMethodError'{0x0000000085df0a78}: 'java.lang.Object java.lang.invoke.DirectMethodHandle$Holder.invokeSpecial(java.lang.Object, java.lang.Object, java.lang.Object, java.lang.Object, int)'> (0x0000000085df0a78) 
thrown [t:\workspace\open\src\hotspot\share\interpreter\linkResolver.cpp, line 766]
Event: 2.704 Thread 0x00000211b42f3090 Exception <a 'java/lang/NoSuchMethodError'{0x0000000085df4b90}: 'java.lang.Object java.lang.invoke.Invokers$Holder.linkToTargetMethod(java.lang.Object, java.lang.Object, int, java.lang.Object)'> (0x0000000085df4b90) 
thrown [t:\workspace\open\src\hotspot\share\interpreter\linkResolver.cpp, line 766]
Event: 2.781 Thread 0x00000211b42f3090 Exception <a 'java/lang/NoSuchMethodError'{0x0000000085976bb8}: 'java.lang.Object java.lang.invoke.DirectMethodHandle$Holder.invokeVirtual(java.lang.Object, java.lang.Object, java.lang.Object, java.lang.Object, java.lang.Object, java.lang.Object, java.lang.Object, java.lang.Object, java.lang.Object)'> (0x0000000085976bb8) 
thrown [t:\workspace\open\src\hotspot\share\interpreter\linkResolver.cpp, line 766]
Event: 2.781 Thread 0x00000211b42f3090 Exception <a 'java/lang/NoSuchMethodError'{0x000000008597b258}: 'java.lang.Object java.lang.invoke.DirectMethodHandle$Holder.invokeSpecial(java.lang.Object, java.lang.Object, java.lang.Object, java.lang.Object, java.lang.Object, java.lang.Object, java.lang.Object, java.lang.Object, java.lang.Object, java.lang.Object)'> (0x000000008597b258) 
thrown [t:\workspace\open\src\hotspot\share\interpreter\linkResolver.cpp, line 766]
Event: 2.854 Thread 0x00000211b42f3090 Exception <a 'java/lang/NoSuchMethodError'{0x00000000852052b0}: 'java.lang.Object java.lang.invoke.DirectMethodHandle$Holder.invokeVirtual(java.lang.Object, java.lang.Object, java.lang.Object, java.lang.Object, java.lang.Object, java.lang.Object, java.lang.Object, java.lang.Object, java.lang.Object, java.lang.Object, java.lang.Object)'> (0x00000000852052b0) 
thrown [t:\workspace\open\src\hotspot\share\interpreter\linkResolver.cpp, line 766]
Event: 2.855 Thread 0x00000211b42f3090 Exception <a 'java/lang/NoSuchMethodError'{0x000000008520a5e0}: 'java.lang.Object java.lang.invoke.DirectMethodHandle$Holder.invokeSpecial(java.lang.Object, java.lang.Object, java.lang.Object, java.lang.Object, java.lang.Object, java.lang.Object, java.lang.Object, java.lang.Object, java.lang.Object, java.lang.Object, java.lang.Object, java.lang.Object)'> (0x000000008520a5e0) 
thrown [t:\workspace\open\src\hotspot\share\interpreter\linkResolver.cpp, line 766]
Event: 2.876 Thread 0x00000211b42f3090 Exception <a 'java/lang/NoSuchMethodError'{0x0000000085116f98}: 'java.lang.Object java.lang.invoke.DirectMethodHandle$Holder.newInvokeSpecial(java.lang.Object, java.lang.Object, java.lang.Object, java.lang.Object, java.lang.Object)'> (0x0000000085116f98) 
thrown [t:\workspace\open\src\hotspot\share\interpreter\linkResolver.cpp, line 766]

VM Operations (20 events):
Event: 1.124 Executing VM operation: HandshakeAllThreads
Event: 1.124 Executing VM operation: HandshakeAllThreads done
Event: 1.643 Executing VM operation: G1CollectForAllocation
Event: 1.650 Executing VM operation: G1CollectForAllocation done
Event: 1.862 Executing VM operation: HandshakeAllThreads
Event: 1.862 Executing VM operation: HandshakeAllThreads done
Event: 1.889 Executing VM operation: HandshakeAllThreads
Event: 1.889 Executing VM operation: HandshakeAllThreads done
Event: 1.915 Executing VM operation: HandshakeAllThreads
Event: 1.915 Executing VM operation: HandshakeAllThreads done
Event: 1.983 Executing VM operation: HandshakeAllThreads
Event: 1.983 Executing VM operation: HandshakeAllThreads done
Event: 2.015 Executing VM operation: HandshakeAllThreads
Event: 2.015 Executing VM operation: HandshakeAllThreads done
Event: 2.032 Executing VM operation: HandshakeAllThreads
Event: 2.032 Executing VM operation: HandshakeAllThreads done
Event: 2.083 Executing VM operation: HandshakeAllThreads
Event: 2.083 Executing VM operation: HandshakeAllThreads done
Event: 2.371 Executing VM operation: HandshakeAllThreads
Event: 2.371 Executing VM operation: HandshakeAllThreads done

Events (20 events):
Event: 0.126 Loaded shared library C:\Program Files\Java\jdk-18\bin\nio.dll
Event: 0.135 Loaded shared library C:\Program Files\Java\jdk-18\bin\zip.dll
Event: 0.358 Loaded shared library C:\Program Files\Java\jdk-18\bin\jimage.dll
Event: 0.506 Loaded shared library C:\Program Files\Java\jdk-18\bin\verify.dll
Event: 0.856 Loaded shared library C:\Users\hotti\.gradle\native\e1d6ef7f7dcc3fd88c89a11ec53ec762bb8ba0a96d01ffa2cd45eb1d1d8dd5c5\windows-amd64\native-platform.dll
Event: 0.877 Loaded shared library C:\Users\hotti\.gradle\native\0d407fdbe67a94daf76414ababcb853783967236a71b16ec16e742cd7a986fd3\windows-amd64\native-platform-file-events.dll
Event: 1.898 Loaded shared library C:\Program Files\Java\jdk-18\bin\management.dll
Event: 1.900 Loaded shared library C:\Program Files\Java\jdk-18\bin\management_ext.dll
Event: 1.933 Thread 0x00000211b42c3240 Thread added: 0x00000211b42c3240
Event: 2.330 Thread 0x00000211b44a0fe0 Thread added: 0x00000211b44a0fe0
Event: 2.412 Thread 0x00000211b443fdc0 Thread added: 0x00000211b443fdc0
Event: 2.442 Thread 0x00000211b434d8a0 Thread added: 0x00000211b434d8a0
Event: 2.446 Thread 0x00000211b44561b0 Thread added: 0x00000211b44561b0
Event: 2.474 Thread 0x00000211b4473e40 Thread added: 0x00000211b4473e40
Event: 2.482 Thread 0x00000211b42f3090 Thread added: 0x00000211b42f3090
Event: 2.495 Thread 0x00000211b4307010 Thread added: 0x00000211b4307010
Event: 2.500 Thread 0x00000211b4308cf0 Thread added: 0x00000211b4308cf0
Event: 2.510 Thread 0x00000211b43091c0 Thread added: 0x00000211b43091c0
Event: 2.702 Thread 0x00000211b43074e0 Thread added: 0x00000211b43074e0
Event: 2.736 Thread 0x00000211b43079b0 Thread added: 0x00000211b43079b0


Dynamic libraries:
0x00007ff7775e0000 - 0x00007ff7775f0000 	C:\Program Files\Java\jdk-18\bin\java.exe
0x00007ffe6ec50000 - 0x00007ffe6ee64000 	C:\WINDOWS\SYSTEM32\ntdll.dll
0x00007ffe6d790000 - 0x00007ffe6d852000 	C:\WINDOWS\System32\KERNEL32.DLL
0x00007ffe6c0a0000 - 0x00007ffe6c443000 	C:\WINDOWS\System32\KERNELBASE.dll
0x00007ffe6c4f0000 - 0x00007ffe6c601000 	C:\WINDOWS\System32\ucrtbase.dll
0x00007ffe538e0000 - 0x00007ffe538f8000 	C:\Program Files\Java\jdk-18\bin\jli.dll
0x00007ffe53900000 - 0x00007ffe5391a000 	C:\Program Files\Java\jdk-18\bin\VCRUNTIME140.dll
0x00007ffe6d030000 - 0x00007ffe6d0de000 	C:\WINDOWS\System32\ADVAPI32.dll
0x00007ffe6cbd0000 - 0x00007ffe6cc77000 	C:\WINDOWS\System32\msvcrt.dll
0x00007ffe6d8c0000 - 0x00007ffe6d964000 	C:\WINDOWS\System32\sechost.dll
0x00007ffe6d660000 - 0x00007ffe6d777000 	C:\WINDOWS\System32\RPCRT4.dll
0x00007ffe6d970000 - 0x00007ffe6db1b000 	C:\WINDOWS\System32\USER32.dll
0x00007ffe6c070000 - 0x00007ffe6c096000 	C:\WINDOWS\System32\win32u.dll
0x00007ffe6cc80000 - 0x00007ffe6cca9000 	C:\WINDOWS\System32\GDI32.dll
0x00007ffe61920000 - 0x00007ffe61bae000 	C:\WINDOWS\WinSxS\amd64_microsoft.windows.common-controls_6595b64144ccf1df_6.0.22621.1635_none_270f70857386168e\COMCTL32.dll
0x00007ffe6c610000 - 0x00007ffe6c728000 	C:\WINDOWS\System32\gdi32full.dll
0x00007ffe6c450000 - 0x00007ffe6c4ea000 	C:\WINDOWS\System32\msvcp_win.dll
0x00007ffe63d10000 - 0x00007ffe63d1a000 	C:\WINDOWS\SYSTEM32\VERSION.dll
0x00007ffe6cb70000 - 0x00007ffe6cba1000 	C:\WINDOWS\System32\IMM32.DLL
0x00007ffe64bd0000 - 0x00007ffe64bdc000 	C:\Program Files\Java\jdk-18\bin\vcruntime140_1.dll
0x00007ffe53690000 - 0x00007ffe5371d000 	C:\Program Files\Java\jdk-18\bin\msvcp140.dll
0x00007ffe35850000 - 0x00007ffe36461000 	C:\Program Files\Java\jdk-18\bin\server\jvm.dll
0x00007ffe6d650000 - 0x00007ffe6d658000 	C:\WINDOWS\System32\PSAPI.DLL
0x00007ffe5b990000 - 0x00007ffe5b999000 	C:\WINDOWS\SYSTEM32\WSOCK32.dll
0x00007ffe61640000 - 0x00007ffe61674000 	C:\WINDOWS\SYSTEM32\WINMM.dll
0x00007ffe6e320000 - 0x00007ffe6e391000 	C:\WINDOWS\System32\WS2_32.dll
0x00007ffe6b0c0000 - 0x00007ffe6b0d8000 	C:\WINDOWS\SYSTEM32\kernel.appcore.dll
0x00007ffe538d0000 - 0x00007ffe538da000 	C:\Program Files\Java\jdk-18\bin\jimage.dll
0x00007ffe65920000 - 0x00007ffe65b4e000 	C:\WINDOWS\SYSTEM32\DBGHELP.DLL
0x00007ffe6d140000 - 0x00007ffe6d4c9000 	C:\WINDOWS\System32\combase.dll
0x00007ffe6ce40000 - 0x00007ffe6cf17000 	C:\WINDOWS\System32\OLEAUT32.dll
0x00007ffe650a0000 - 0x00007ffe650d2000 	C:\WINDOWS\SYSTEM32\dbgcore.DLL
0x00007ffe6c730000 - 0x00007ffe6c7ab000 	C:\WINDOWS\System32\bcryptPrimitives.dll
0x00007ffe53660000 - 0x00007ffe53685000 	C:\Program Files\Java\jdk-18\bin\java.dll
0x00007ffe53580000 - 0x00007ffe53656000 	C:\Program Files\Java\jdk-18\bin\jsvml.dll
0x00007ffe6e3a0000 - 0x00007ffe6eb9a000 	C:\WINDOWS\System32\SHELL32.dll
0x00007ffe6a070000 - 0x00007ffe6a93e000 	C:\WINDOWS\SYSTEM32\windows.storage.dll
0x00007ffe69f30000 - 0x00007ffe6a06e000 	C:\WINDOWS\SYSTEM32\wintypes.dll
0x00007ffe6ccb0000 - 0x00007ffe6cda1000 	C:\WINDOWS\System32\SHCORE.dll
0x00007ffe6ebb0000 - 0x00007ffe6ec0e000 	C:\WINDOWS\System32\shlwapi.dll
0x00007ffe6bfa0000 - 0x00007ffe6bfc1000 	C:\WINDOWS\SYSTEM32\profapi.dll
0x00007ffe534a0000 - 0x00007ffe534b3000 	C:\Program Files\Java\jdk-18\bin\net.dll
0x00007ffe67440000 - 0x00007ffe67577000 	C:\WINDOWS\SYSTEM32\WINHTTP.dll
0x00007ffe6b530000 - 0x00007ffe6b599000 	C:\WINDOWS\system32\mswsock.dll
0x00007ffe53480000 - 0x00007ffe53496000 	C:\Program Files\Java\jdk-18\bin\nio.dll
0x00007ffe53460000 - 0x00007ffe53478000 	C:\Program Files\Java\jdk-18\bin\zip.dll
0x00007ffe50b80000 - 0x00007ffe50b90000 	C:\Program Files\Java\jdk-18\bin\verify.dll
0x00007ffe4cdf0000 - 0x00007ffe4ce17000 	C:\Users\hotti\.gradle\native\e1d6ef7f7dcc3fd88c89a11ec53ec762bb8ba0a96d01ffa2cd45eb1d1d8dd5c5\windows-amd64\native-platform.dll
0x00007ffe382d0000 - 0x00007ffe38414000 	C:\Users\hotti\.gradle\native\0d407fdbe67a94daf76414ababcb853783967236a71b16ec16e742cd7a986fd3\windows-amd64\native-platform-file-events.dll
0x00007ffe4cdb0000 - 0x00007ffe4cdb9000 	C:\Program Files\Java\jdk-18\bin\management.dll
0x00007ffe4cda0000 - 0x00007ffe4cdab000 	C:\Program Files\Java\jdk-18\bin\management_ext.dll
0x00007ffe6b790000 - 0x00007ffe6b7ab000 	C:\WINDOWS\SYSTEM32\CRYPTSP.dll
0x00007ffe6b030000 - 0x00007ffe6b065000 	C:\WINDOWS\system32\rsaenh.dll
0x00007ffe6b630000 - 0x00007ffe6b658000 	C:\WINDOWS\SYSTEM32\USERENV.dll
0x00007ffe6b950000 - 0x00007ffe6b978000 	C:\WINDOWS\SYSTEM32\bcrypt.dll
0x00007ffe6b7b0000 - 0x00007ffe6b7bc000 	C:\WINDOWS\SYSTEM32\CRYPTBASE.dll
0x00007ffe6aba0000 - 0x00007ffe6abcd000 	C:\WINDOWS\SYSTEM32\IPHLPAPI.DLL
0x00007ffe6d0e0000 - 0x00007ffe6d0e9000 	C:\WINDOWS\System32\NSI.dll
0x00007ffe67a60000 - 0x00007ffe67a79000 	C:\WINDOWS\SYSTEM32\dhcpcsvc6.DLL
0x00007ffe66f70000 - 0x00007ffe66f8f000 	C:\WINDOWS\SYSTEM32\dhcpcsvc.DLL
0x00007ffe6ac10000 - 0x00007ffe6ad03000 	C:\WINDOWS\SYSTEM32\DNSAPI.dll

dbghelp: loaded successfully - version: 4.0.5 - missing functions: none
symbol engine: initialized successfully - sym options: 0x614 - pdb path: .;C:\Program Files\Java\jdk-18\bin;C:\WINDOWS\SYSTEM32;C:\WINDOWS\WinSxS\amd64_microsoft.windows.common-controls_6595b64144ccf1df_6.0.22621.1635_none_270f70857386168e;C:\Program Files\Java\jdk-18\bin\server;C:\Users\hotti\.gradle\native\e1d6ef7f7dcc3fd88c89a11ec53ec762bb8ba0a96d01ffa2cd45eb1d1d8dd5c5\windows-amd64;C:\Users\hotti\.gradle\native\0d407fdbe67a94daf76414ababcb853783967236a71b16ec16e742cd7a986fd3\windows-amd64

VM Arguments:
jvm_args: -XX:MaxMetaspaceSize=512m --add-opens=java.base/java.util=ALL-UNNAMED --add-opens=java.base/java.lang=ALL-UNNAMED --add-opens=java.base/java.lang.invoke=ALL-UNNAMED --add-opens=java.base/java.util=ALL-UNNAMED --add-opens=java.prefs/java.util.prefs=ALL-UNNAMED --add-opens=java.prefs/java.util.prefs=ALL-UNNAMED --add-opens=java.base/java.nio.charset=ALL-UNNAMED --add-opens=java.base/java.net=ALL-UNNAMED --add-opens=java.base/java.util.concurrent.atomic=ALL-UNNAMED -Xmx2048m -Dfile.encoding=UTF-8 -Duser.country=US -Duser.language=en -Duser.variant 
java_command: org.gradle.launcher.daemon.bootstrap.GradleDaemon 7.5.1
java_class_path (initial): C:\Users\hotti\.gradle\wrapper\dists\gradle-7.5.1-all\1ehga6e77gqps5uk2kc5kf1vc\gradle-7.5.1\lib\gradle-launcher-7.5.1.jar
Launcher Type: SUN_STANDARD

[Global flags]
     intx CICompilerCount                          = 4                                         {product} {ergonomic}
   size_t CompressedClassSpaceSize                 = 432013312                                 {product} {ergonomic}
     uint ConcGCThreads                            = 3                                         {product} {ergonomic}
     uint G1ConcRefinementThreads                  = 10                                        {product} {ergonomic}
   size_t G1HeapRegionSize                         = 1048576                                   {product} {ergonomic}
    uintx GCDrainStackTargetSize                   = 64                                        {product} {ergonomic}
   size_t InitialHeapSize                          = 125829120                                 {product} {ergonomic}
   size_t MarkStackSize                            = 4194304                                   {product} {ergonomic}
   size_t MaxHeapSize                              = 2147483648                                {product} {command line}
   size_t MaxMetaspaceSize                         = 536870912                                 {product} {command line}
   size_t MaxNewSize                               = 1287651328                                {product} {ergonomic}
   size_t MinHeapDeltaBytes                        = 1048576                                   {product} {ergonomic}
   size_t MinHeapSize                              = 8388608                                   {product} {ergonomic}
    uintx NonNMethodCodeHeapSize                   = 5839372                                {pd product} {ergonomic}
    uintx NonProfiledCodeHeapSize                  = 122909434                              {pd product} {ergonomic}
    uintx ProfiledCodeHeapSize                     = 122909434                              {pd product} {ergonomic}
    uintx ReservedCodeCacheSize                    = 251658240                              {pd product} {ergonomic}
     bool SegmentedCodeCache                       = true                                      {product} {ergonomic}
   size_t SoftMaxHeapSize                          = 2147483648                             {manageable} {ergonomic}
     bool UseCompressedClassPointers               = true                           {product lp64_product} {ergonomic}
     bool UseCompressedOops                        = true                           {product lp64_product} {ergonomic}
     bool UseG1GC                                  = true                                      {product} {ergonomic}
     bool UseLargePagesIndividualAllocation        = false                                  {pd product} {ergonomic}

Logging:
Log output configuration:
 #0: stdout all=warning uptime,level,tags foldmultilines=false
 #1: stderr all=off uptime,level,tags foldmultilines=false

Environment Variables:
JAVA_HOME=C:\Program Files\Java\jdk-18
CLASSPATH=C:\Users\hotti\Reactnative\Chat\android\\gradle\wrapper\gradle-wrapper.jar
PATH=C:\Users\hotti\Reactnative\Chat\android\node_modules\.bin;C:\Users\hotti\Reactnative\Chat\node_modules\.bin;C:\Users\hotti\Reactnative\node_modules\.bin;C:\Users\hotti\node_modules\.bin;C:\Users\node_modules\.bin;C:\node_modules\.bin;C:\Program Files\nodejs;C:\Users\hotti\Reactnative\Chat\node_modules\.bin;C:\Users\hotti\Reactnative\Chat\node_modules\.bin;C:\Users\hotti\Reactnative\node_modules\.bin;C:\Users\hotti\node_modules\.bin;C:\Users\node_modules\.bin;C:\node_modules\.bin;C:\Program Files\nodejs\node_modules\npm\node_modules\@npmcli\run-script\lib\node-gyp-bin;C:\Program Files\Common Files\Oracle\Java\javapath;C:\Program Files (x86)\Common Files\Oracle\Java\javapath;C:\WINDOWS\system32;C:\WINDOWS;C:\WINDOWS\System32\Wbem;C:\WINDOWS\System32\WindowsPowerShell\v1.0\;C:\WINDOWS\System32\OpenSSH\;C:\Program Files\Java\jdk-18\bin;C:\Program Files\nodejs\;C:\Program Files\Git\cmd;C:\ProgramData\chocolatey\bin;C:\Users\hotti\AppData\Local\Android\Sdk\platform-tools;C:\Users\hotti\AppData\Local\Microsoft\WindowsApps;C:\Users\hotti\AppData\Local\Programs\Microsoft VS Code\bin;C:\Users\hotti\AppData\Roaming\npm;C:\Program Files\Azure Data Studio\bin;C:\Users\hotti\AppData\Local\Android\Sdk\platform-tools;
USERNAME=Kiet
LANG=en_US.UTF-8
OS=Windows_NT
PROCESSOR_IDENTIFIER=AMD64 Family 23 Model 96 Stepping 1, AuthenticAMD



---------------  S Y S T E M  ---------------

OS:
 Windows 11 , 64 bit Build 22621 (10.0.22621.1635)
OS uptime: 0 days 0:04 hours

CPU: total 12 (initial active 12) (12 cores per cpu, 2 threads per core) family 23 model 96 stepping 1 microcode 0x0, cx8, cmov, fxsr, ht, mmx, 3dnowpref, sse, sse2, sse3, ssse3, sse4a, sse4.1, sse4.2, popcnt, lzcnt, tsc, tscinvbit, avx, avx2, aes, clmul, bmi1, bmi2, adx, sha, fma, vzeroupper, clflush, clflushopt

Memory: 4k page, system-wide physical 7579M (189M free)
TotalPageFile size 26581M (AvailPageFile size 2M)
current process WorkingSet (physical memory assigned to process): 124M, peak: 124M
current process commit charge ("private bytes"): 246M, peak: 246M

vm_info: Java HotSpot(TM) 64-Bit Server VM (18+36-2087) for windows-amd64 JRE (18+36-2087), built on Feb 15 2022 09:43:11 by "mach5one" with MS VC++ 16.8 / 16.9 (VS2019)

END.
