#
# There is insufficient memory for the Java Runtime Environment to continue.
# Native memory allocation (malloc) failed to allocate 592960 bytes for Chunk::new
# Possible reasons:
#   The system is out of physical RAM or swap space
#   The process is running with CompressedOops enabled, and the Java Heap may be blocking the growth of the native heap
# Possible solutions:
#   Reduce memory load on the system
#   Increase physical memory or swap space
#   Check if swap backing store is full
#   Decrease Java heap size (-Xmx/-Xms)
#   Decrease number of Java threads
#   Decrease Java thread stack sizes (-Xss)
#   Set larger code cache with -XX:ReservedCodeCacheSize=
#   JVM is running with Unscaled Compressed Oops mode in which the Java heap is
#     placed in the first 4GB address space. The Java Heap base address is the
#     maximum limit for the native heap growth. Please use -XX:HeapBaseMinAddress
#     to set the Java Heap base and to place the Java Heap above 4GB virtual address.
# This output file may be truncated or incomplete.
#
#  Out of Memory Error (arena.cpp:184), pid=21244, tid=1608
#
# JRE version: Java(TM) SE Runtime Environment (18.0+36) (build 18+36-2087)
# Java VM: Java HotSpot(TM) 64-Bit Server VM (18+36-2087, mixed mode, sharing, tiered, compressed oops, compressed class ptrs, g1 gc, windows-amd64)
# No core dump will be written. Minidumps are not enabled by default on client versions of Windows
#

---------------  S U M M A R Y ------------

Command Line: -XX:MaxMetaspaceSize=512m --add-opens=java.base/java.util=ALL-UNNAMED --add-opens=java.base/java.lang=ALL-UNNAMED --add-opens=java.base/java.lang.invoke=ALL-UNNAMED --add-opens=java.base/java.util=ALL-UNNAMED --add-opens=java.prefs/java.util.prefs=ALL-UNNAMED --add-opens=java.prefs/java.util.prefs=ALL-UNNAMED --add-opens=java.base/java.nio.charset=ALL-UNNAMED --add-opens=java.base/java.net=ALL-UNNAMED --add-opens=java.base/java.util.concurrent.atomic=ALL-UNNAMED -Xmx2048m -Dfile.encoding=UTF-8 -Duser.country=US -Duser.language=en -Duser.variant org.gradle.launcher.daemon.bootstrap.GradleDaemon 7.5.1

Host: AMD Ryzen 5 4600H with Radeon Graphics         , 12 cores, 7G,  Windows 11 , 64 bit Build 22621 (10.0.22621.1485)
Time: Thu May 11 23:09:34 2023 SE Asia Standard Time elapsed time: 6.562083 seconds (0d 0h 0m 6s)

---------------  T H R E A D  ---------------

Current thread (0x000001ea9a48b510):  JavaThread "C2 CompilerThread1" daemon [_thread_in_native, id=1608, stack(0x0000003391100000,0x0000003391200000)]


Current CompileTask:
C2:   6562 3337   !   4       java.util.zip.ZipFile::getInputStream (275 bytes)

Stack: [0x0000003391100000,0x0000003391200000]
Native frames: (J=compiled Java code, j=interpreted, Vv=VM code, C=native code)
V  [jvm.dll+0x69804a]
V  [jvm.dll+0x7f308d]
V  [jvm.dll+0x7f499e]
V  [jvm.dll+0x7f5053]
V  [jvm.dll+0x25ca3f]
V  [jvm.dll+0xb8c2f]
V  [jvm.dll+0xb8fa5]
V  [jvm.dll+0x385a6b]
V  [jvm.dll+0x34f811]
V  [jvm.dll+0x34ecaa]
V  [jvm.dll+0x22fc21]
V  [jvm.dll+0x22eff1]
V  [jvm.dll+0x1b9cfc]
V  [jvm.dll+0x23e8ca]
V  [jvm.dll+0x23cbac]
V  [jvm.dll+0x7a5781]
V  [jvm.dll+0x79fbba]
V  [jvm.dll+0x696ef5]
C  [ucrtbase.dll+0x29363]
C  [KERNEL32.DLL+0x1269d]
C  [ntdll.dll+0x5a9f8]


---------------  P R O C E S S  ---------------

Threads class SMR info:
_java_thread_list=0x000001ea9aecca00, length=34, elements={
0x000001eaf384dfd0, 0x000001eaff070c30, 0x000001eaff0715d0, 0x000001eaff0861f0,
0x000001eaff086aa0, 0x000001eaff087440, 0x000001eaff087de0, 0x000001eaff097870,
0x000001eaff0a0260, 0x000001eaff0a1030, 0x000001eaff2d44b0, 0x000001eaff2d8ba0,
0x000001ea995f62d0, 0x000001ea995f6c70, 0x000001ea995f5460, 0x000001ea995f3c50,
0x000001ea995f5e00, 0x000001ea995f67a0, 0x000001ea995f4120, 0x000001ea995f4ac0,
0x000001ea995f5930, 0x000001ea995f45f0, 0x000001ea995f7610, 0x000001ea9a543c70,
0x000001ea9a48b510, 0x000001ea9a545480, 0x000001ea9a546c90, 0x000001ea9a542e00,
0x000001ea9a5432d0, 0x000001ea9a540c50, 0x000001ea9a544140, 0x000001ea9a545950,
0x000001ea9a541f90, 0x000001ea9a542460
}

Java Threads: ( => current thread )
  0x000001eaf384dfd0 JavaThread "main" [_thread_blocked, id=5920, stack(0x000000338ee00000,0x000000338ef00000)]
  0x000001eaff070c30 JavaThread "Reference Handler" daemon [_thread_blocked, id=26340, stack(0x000000338f500000,0x000000338f600000)]
  0x000001eaff0715d0 JavaThread "Finalizer" daemon [_thread_blocked, id=28380, stack(0x000000338f600000,0x000000338f700000)]
  0x000001eaff0861f0 JavaThread "Signal Dispatcher" daemon [_thread_blocked, id=12100, stack(0x000000338f700000,0x000000338f800000)]
  0x000001eaff086aa0 JavaThread "Attach Listener" daemon [_thread_blocked, id=18464, stack(0x000000338f800000,0x000000338f900000)]
  0x000001eaff087440 JavaThread "Service Thread" daemon [_thread_blocked, id=24768, stack(0x000000338f900000,0x000000338fa00000)]
  0x000001eaff087de0 JavaThread "Monitor Deflation Thread" daemon [_thread_blocked, id=27840, stack(0x000000338fa00000,0x000000338fb00000)]
  0x000001eaff097870 JavaThread "C2 CompilerThread0" daemon [_thread_in_native, id=10492, stack(0x000000338fb00000,0x000000338fc00000)]
  0x000001eaff0a0260 JavaThread "C1 CompilerThread0" daemon [_thread_blocked, id=25364, stack(0x000000338fc00000,0x000000338fd00000)]
  0x000001eaff0a1030 JavaThread "Sweeper thread" daemon [_thread_blocked, id=6328, stack(0x000000338fd00000,0x000000338fe00000)]
  0x000001eaff2d44b0 JavaThread "Common-Cleaner" daemon [_thread_blocked, id=19276, stack(0x000000338fe00000,0x000000338ff00000)]
  0x000001eaff2d8ba0 JavaThread "Notification Thread" daemon [_thread_blocked, id=29108, stack(0x000000338ff00000,0x0000003390000000)]
  0x000001ea995f62d0 JavaThread "Daemon health stats" [_thread_blocked, id=16876, stack(0x0000003390600000,0x0000003390700000)]
  0x000001ea995f6c70 JavaThread "Incoming local TCP Connector on port 34717" [_thread_in_native, id=21068, stack(0x0000003390400000,0x0000003390500000)]
  0x000001ea995f5460 JavaThread "Daemon periodic checks" [_thread_blocked, id=21532, stack(0x0000003390700000,0x0000003390800000)]
  0x000001ea995f3c50 JavaThread "Daemon" [_thread_blocked, id=13180, stack(0x0000003390800000,0x0000003390900000)]
  0x000001ea995f5e00 JavaThread "Handler for socket connection from /127.0.0.1:34717 to /127.0.0.1:34718" [_thread_in_native, id=1664, stack(0x0000003390900000,0x0000003390a00000)]
  0x000001ea995f67a0 JavaThread "Cancel handler" [_thread_blocked, id=8448, stack(0x0000003390a00000,0x0000003390b00000)]
  0x000001ea995f4120 JavaThread "Daemon worker" [_thread_in_vm, id=29376, stack(0x0000003390b00000,0x0000003390c00000)]
  0x000001ea995f4ac0 JavaThread "Asynchronous log dispatcher for DefaultDaemonConnection: socket connection from /127.0.0.1:34717 to /127.0.0.1:34718" [_thread_blocked, id=31604, stack(0x0000003390c00000,0x0000003390d00000)]
  0x000001ea995f5930 JavaThread "Stdin handler" [_thread_blocked, id=23448, stack(0x0000003390d00000,0x0000003390e00000)]
  0x000001ea995f45f0 JavaThread "Daemon client event forwarder" [_thread_blocked, id=4960, stack(0x0000003390e00000,0x0000003390f00000)]
  0x000001ea995f7610 JavaThread "Cache worker for journal cache (C:\Users\hotti\.gradle\caches\journal-1)" [_thread_blocked, id=3612, stack(0x0000003390f00000,0x0000003391000000)]
  0x000001ea9a543c70 JavaThread "File lock request listener" [_thread_in_native, id=23692, stack(0x0000003391000000,0x0000003391100000)]
=>0x000001ea9a48b510 JavaThread "C2 CompilerThread1" daemon [_thread_in_native, id=1608, stack(0x0000003391100000,0x0000003391200000)]
  0x000001ea9a545480 JavaThread "Cache worker for file hash cache (C:\Users\hotti\.gradle\caches\7.5.1\fileHashes)" [_thread_blocked, id=14756, stack(0x0000003391200000,0x0000003391300000)]
  0x000001ea9a546c90 JavaThread "File watcher server" daemon [_thread_in_native, id=25024, stack(0x0000003391800000,0x0000003391900000)]
  0x000001ea9a542e00 JavaThread "File watcher consumer" daemon [_thread_blocked, id=11408, stack(0x0000003391900000,0x0000003391a00000)]
  0x000001ea9a5432d0 JavaThread "Cache worker for checksums cache (C:\Users\hotti\Reactnative\Chat\android\.gradle\7.5.1\checksums)" [_thread_blocked, id=19396, stack(0x0000003391a00000,0x0000003391b00000)]
  0x000001ea9a540c50 JavaThread "Cache worker for cache directory md-rule (C:\Users\hotti\.gradle\caches\7.5.1\md-rule)" [_thread_blocked, id=7060, stack(0x0000003391b00000,0x0000003391c00000)]
  0x000001ea9a544140 JavaThread "Cache worker for file content cache (C:\Users\hotti\.gradle\caches\7.5.1\fileContent)" [_thread_blocked, id=5496, stack(0x0000003391c00000,0x0000003391d00000)]
  0x000001ea9a545950 JavaThread "Cache worker for file hash cache (C:\Users\hotti\Reactnative\Chat\android\.gradle\7.5.1\fileHashes)" [_thread_blocked, id=27272, stack(0x0000003391f00000,0x0000003392000000)]
  0x000001ea9a541f90 JavaThread "Cache worker for cache directory md-supplier (C:\Users\hotti\.gradle\caches\7.5.1\md-supplier)" [_thread_blocked, id=20556, stack(0x0000003392000000,0x0000003392100000)]
  0x000001ea9a542460 JavaThread "Cache worker for execution history cache (C:\Users\hotti\.gradle\caches\7.5.1\executionHistory)" [_thread_blocked, id=12420, stack(0x0000003392100000,0x0000003392200000)]

Other Threads:
  0x000001eaf5a8bb10 VMThread "VM Thread" [stack: 0x000000338f400000,0x000000338f500000] [id=7768]
  0x000001eaff2df480 WatcherThread "VM Periodic Task Thread" [stack: 0x0000003390000000,0x0000003390100000] [id=20540]
  0x000001eaf5a683a0 WorkerThread "GC Thread#0" [stack: 0x000000338ef00000,0x000000338f000000] [id=20248]
  0x000001eaff763ad0 WorkerThread "GC Thread#1" [stack: 0x0000003390100000,0x0000003390200000] [id=27048]
  0x000001ea990325a0 WorkerThread "GC Thread#2" [stack: 0x0000003390200000,0x0000003390300000] [id=27932]
  0x000001ea99032840 WorkerThread "GC Thread#3" [stack: 0x0000003390300000,0x0000003390400000] [id=10760]
  0x000001ea9961b070 WorkerThread "GC Thread#4" [stack: 0x0000003390500000,0x0000003390600000] [id=6516]
  0x000001ea9a9fe3b0 WorkerThread "GC Thread#5" [stack: 0x0000003391300000,0x0000003391400000] [id=10772]
  0x000001ea99e05820 WorkerThread "GC Thread#6" [stack: 0x0000003391400000,0x0000003391500000] [id=23244]
  0x000001ea9af9ec70 WorkerThread "GC Thread#7" [stack: 0x0000003391500000,0x0000003391600000] [id=22468]
  0x000001ea9a7a4420 WorkerThread "GC Thread#8" [stack: 0x0000003391600000,0x0000003391700000] [id=15820]
  0x000001ea9c150780 WorkerThread "GC Thread#9" [stack: 0x0000003391700000,0x0000003391800000] [id=8464]
  0x000001eaf5a7a080 ConcurrentGCThread "G1 Main Marker" [stack: 0x000000338f000000,0x000000338f100000] [id=2792]
  0x000001eaf5a7afb0 WorkerThread "G1 Conc#0" [stack: 0x000000338f100000,0x000000338f200000] [id=16660]
  0x000001ea9c14fd00 WorkerThread "G1 Conc#1" [stack: 0x0000003391d00000,0x0000003391e00000] [id=22196]
  0x000001ea9c150cc0 WorkerThread "G1 Conc#2" [stack: 0x0000003391e00000,0x0000003391f00000] [id=19224]
  0x000001eafef23510 ConcurrentGCThread "G1 Refine#0" [stack: 0x000000338f200000,0x000000338f300000] [id=1716]
  0x000001eafef23cc0 ConcurrentGCThread "G1 Service" [stack: 0x000000338f300000,0x000000338f400000] [id=31508]

Threads with active compile tasks:
C2 CompilerThread1     6599 3337   !   4       java.util.zip.ZipFile::getInputStream (275 bytes)

VM state: not at safepoint (normal execution)

VM Mutex/Monitor currently owned by a thread: None

Heap address: 0x0000000080000000, size: 2048 MB, Compressed Oops mode: 32-bit

CDS archive(s) mapped at: [0x0000000800000000-0x0000000800ba0000-0x0000000800ba0000), size 12189696, SharedBaseAddress: 0x0000000800000000, ArchiveRelocationMode: 0.
Compressed class space mapped at: 0x0000000800c00000-0x000000081a800000, reserved size: 432013312
Narrow klass base: 0x0000000800000000, Narrow klass shift: 0, Narrow klass range: 0x100000000

GC Precious Log:
 CardTable entry size: 512
 Card Set container configuration: InlinePtr #cards 5 size 8 Array Of Cards #cards 12 size 40 Howl #buckets 4 coarsen threshold 1843 Howl Bitmap #cards 512 size 80 coarsen threshold 460 Card regions per heap region 1 cards per card region 2048
 CPUs: 12 total, 12 available
 Memory: 7579M
 Large Page Support: Disabled
 NUMA Support: Disabled
 Compressed Oops: Enabled (32-bit)
 Heap Region Size: 1M
 Heap Min Capacity: 8M
 Heap Initial Capacity: 120M
 Heap Max Capacity: 2G
 Pre-touch: Disabled
 Parallel Workers: 10
 Concurrent Workers: 3
 Concurrent Refinement Workers: 10
 Periodic GC: Disabled

Heap:
 garbage-first heap   total 78848K, used 61460K [0x0000000080000000, 0x0000000100000000)
  region size 1024K, 44 young (45056K), 3 survivors (3072K)
 Metaspace       used 28975K, committed 30080K, reserved 487424K
  class space    used 4136K, committed 4736K, reserved 421888K

Heap Regions: E=young(eden), S=young(survivor), O=old, HS=humongous(starts), HC=humongous(continues), CS=collection set, F=free, OA=open archive, CA=closed archive, TAMS=top-at-mark-start (previous, next)
|   0|0x0000000080000000, 0x0000000080100000, 0x0000000080100000|100%| O|  |TAMS 0x0000000080000000, 0x0000000080000000| Untracked 
|   1|0x0000000080100000, 0x0000000080200000, 0x0000000080200000|100%| O|  |TAMS 0x0000000080200000, 0x0000000080100000| Untracked 
|   2|0x0000000080200000, 0x0000000080300000, 0x0000000080300000|100%| O|  |TAMS 0x0000000080300000, 0x0000000080200000| Untracked 
|   3|0x0000000080300000, 0x0000000080400000, 0x0000000080400000|100%|HS|  |TAMS 0x0000000080400000, 0x0000000080300000| Complete 
|   4|0x0000000080400000, 0x0000000080500000, 0x0000000080500000|100%|HC|  |TAMS 0x0000000080500000, 0x0000000080400000| Complete 
|   5|0x0000000080500000, 0x0000000080600000, 0x0000000080600000|100%|HC|  |TAMS 0x0000000080600000, 0x0000000080500000| Complete 
|   6|0x0000000080600000, 0x0000000080700000, 0x0000000080700000|100%| O|  |TAMS 0x0000000080700000, 0x0000000080600000| Untracked 
|   7|0x0000000080700000, 0x0000000080800000, 0x0000000080800000|100%| O|  |TAMS 0x0000000080800000, 0x0000000080700000| Untracked 
|   8|0x0000000080800000, 0x0000000080900000, 0x0000000080900000|100%| O|  |TAMS 0x0000000080900000, 0x0000000080800000| Untracked 
|   9|0x0000000080900000, 0x0000000080a00000, 0x0000000080a00000|100%| O|  |TAMS 0x0000000080a00000, 0x0000000080900000| Untracked 
|  10|0x0000000080a00000, 0x0000000080b00000, 0x0000000080b00000|100%| O|  |TAMS 0x0000000080a6b000, 0x0000000080a00000| Untracked 
|  11|0x0000000080b00000, 0x0000000080c00000, 0x0000000080c00000|100%| O|  |TAMS 0x0000000080b00000, 0x0000000080b00000| Untracked 
|  12|0x0000000080c00000, 0x0000000080d00000, 0x0000000080d00000|100%| O|  |TAMS 0x0000000080c00000, 0x0000000080c00000| Untracked 
|  13|0x0000000080d00000, 0x0000000080e00000, 0x0000000080e00000|100%| O|  |TAMS 0x0000000080d00000, 0x0000000080d00000| Untracked 
|  14|0x0000000080e00000, 0x0000000080f00000, 0x0000000080f00000|100%| O|  |TAMS 0x0000000080e00000, 0x0000000080e00000| Untracked 
|  15|0x0000000080f00000, 0x0000000081000000, 0x0000000081000000|100%| O|  |TAMS 0x0000000080f00000, 0x0000000080f00000| Untracked 
|  16|0x0000000081000000, 0x0000000081100000, 0x0000000081100000|100%| O|  |TAMS 0x0000000081000000, 0x0000000081000000| Untracked 
|  17|0x0000000081100000, 0x0000000081200000, 0x0000000081200000|100%| O|  |TAMS 0x0000000081100000, 0x0000000081100000| Untracked 
|  18|0x0000000081200000, 0x0000000081278e00, 0x0000000081300000| 47%| O|  |TAMS 0x0000000081200000, 0x0000000081200000| Untracked 
|  19|0x0000000081300000, 0x0000000081300000, 0x0000000081400000|  0%| F|  |TAMS 0x0000000081300000, 0x0000000081300000| Untracked 
|  20|0x0000000081400000, 0x0000000081400000, 0x0000000081500000|  0%| F|  |TAMS 0x0000000081400000, 0x0000000081400000| Untracked 
|  21|0x0000000081500000, 0x0000000081500000, 0x0000000081600000|  0%| F|  |TAMS 0x0000000081500000, 0x0000000081500000| Untracked 
|  22|0x0000000081600000, 0x0000000081600000, 0x0000000081700000|  0%| F|  |TAMS 0x0000000081600000, 0x0000000081600000| Untracked 
|  23|0x0000000081700000, 0x0000000081700000, 0x0000000081800000|  0%| F|  |TAMS 0x0000000081700000, 0x0000000081700000| Untracked 
|  24|0x0000000081800000, 0x0000000081800000, 0x0000000081900000|  0%| F|  |TAMS 0x0000000081800000, 0x0000000081800000| Untracked 
|  25|0x0000000081900000, 0x0000000081900000, 0x0000000081a00000|  0%| F|  |TAMS 0x0000000081900000, 0x0000000081900000| Untracked 
|  26|0x0000000081a00000, 0x0000000081a00000, 0x0000000081b00000|  0%| F|  |TAMS 0x0000000081a00000, 0x0000000081a00000| Untracked 
|  27|0x0000000081b00000, 0x0000000081b00000, 0x0000000081c00000|  0%| F|  |TAMS 0x0000000081b00000, 0x0000000081b00000| Untracked 
|  28|0x0000000081c00000, 0x0000000081c00000, 0x0000000081d00000|  0%| F|  |TAMS 0x0000000081c00000, 0x0000000081c00000| Untracked 
|  29|0x0000000081d00000, 0x0000000081d00000, 0x0000000081e00000|  0%| F|  |TAMS 0x0000000081d00000, 0x0000000081d00000| Untracked 
|  30|0x0000000081e00000, 0x0000000081e00000, 0x0000000081f00000|  0%| F|  |TAMS 0x0000000081e00000, 0x0000000081e00000| Untracked 
|  31|0x0000000081f00000, 0x0000000081f00000, 0x0000000082000000|  0%| F|  |TAMS 0x0000000081f00000, 0x0000000081f00000| Untracked 
|  32|0x0000000082000000, 0x0000000082000000, 0x0000000082100000|  0%| F|  |TAMS 0x0000000082000000, 0x0000000082000000| Untracked 
|  33|0x0000000082100000, 0x00000000821fe310, 0x0000000082200000| 99%| E|  |TAMS 0x0000000082100000, 0x0000000082100000| Complete 
|  34|0x0000000082200000, 0x0000000082300000, 0x0000000082300000|100%| E|  |TAMS 0x0000000082200000, 0x0000000082200000| Complete 
|  35|0x0000000082300000, 0x0000000082400000, 0x0000000082400000|100%| E|CS|TAMS 0x0000000082300000, 0x0000000082300000| Complete 
|  36|0x0000000082400000, 0x0000000082500000, 0x0000000082500000|100%| E|CS|TAMS 0x0000000082400000, 0x0000000082400000| Complete 
|  37|0x0000000082500000, 0x0000000082600000, 0x0000000082600000|100%| E|CS|TAMS 0x0000000082500000, 0x0000000082500000| Complete 
|  38|0x0000000082600000, 0x0000000082700000, 0x0000000082700000|100%| E|CS|TAMS 0x0000000082600000, 0x0000000082600000| Complete 
|  39|0x0000000082700000, 0x0000000082800000, 0x0000000082800000|100%| E|CS|TAMS 0x0000000082700000, 0x0000000082700000| Complete 
|  40|0x0000000082800000, 0x0000000082900000, 0x0000000082900000|100%| E|CS|TAMS 0x0000000082800000, 0x0000000082800000| Complete 
|  41|0x0000000082900000, 0x0000000082a00000, 0x0000000082a00000|100%| E|CS|TAMS 0x0000000082900000, 0x0000000082900000| Complete 
|  42|0x0000000082a00000, 0x0000000082b00000, 0x0000000082b00000|100%| E|CS|TAMS 0x0000000082a00000, 0x0000000082a00000| Complete 
|  43|0x0000000082b00000, 0x0000000082c00000, 0x0000000082c00000|100%| E|CS|TAMS 0x0000000082b00000, 0x0000000082b00000| Complete 
|  44|0x0000000082c00000, 0x0000000082d00000, 0x0000000082d00000|100%| E|CS|TAMS 0x0000000082c00000, 0x0000000082c00000| Complete 
|  45|0x0000000082d00000, 0x0000000082e00000, 0x0000000082e00000|100%| E|CS|TAMS 0x0000000082d00000, 0x0000000082d00000| Complete 
|  46|0x0000000082e00000, 0x0000000082f00000, 0x0000000082f00000|100%| E|CS|TAMS 0x0000000082e00000, 0x0000000082e00000| Complete 
|  47|0x0000000082f00000, 0x0000000083000000, 0x0000000083000000|100%| E|CS|TAMS 0x0000000082f00000, 0x0000000082f00000| Complete 
|  48|0x0000000083000000, 0x0000000083100000, 0x0000000083100000|100%| E|CS|TAMS 0x0000000083000000, 0x0000000083000000| Complete 
|  49|0x0000000083100000, 0x0000000083200000, 0x0000000083200000|100%| E|CS|TAMS 0x0000000083100000, 0x0000000083100000| Complete 
|  50|0x0000000083200000, 0x0000000083300000, 0x0000000083300000|100%| E|CS|TAMS 0x0000000083200000, 0x0000000083200000| Complete 
|  51|0x0000000083300000, 0x0000000083400000, 0x0000000083400000|100%| E|CS|TAMS 0x0000000083300000, 0x0000000083300000| Complete 
|  52|0x0000000083400000, 0x0000000083500000, 0x0000000083500000|100%| E|CS|TAMS 0x0000000083400000, 0x0000000083400000| Complete 
|  53|0x0000000083500000, 0x0000000083600000, 0x0000000083600000|100%| E|CS|TAMS 0x0000000083500000, 0x0000000083500000| Complete 
|  54|0x0000000083600000, 0x0000000083700000, 0x0000000083700000|100%| E|CS|TAMS 0x0000000083600000, 0x0000000083600000| Complete 
|  55|0x0000000083700000, 0x0000000083800000, 0x0000000083800000|100%| E|CS|TAMS 0x0000000083700000, 0x0000000083700000| Complete 
|  56|0x0000000083800000, 0x0000000083900000, 0x0000000083900000|100%| E|CS|TAMS 0x0000000083800000, 0x0000000083800000| Complete 
|  57|0x0000000083900000, 0x0000000083a00000, 0x0000000083a00000|100%| E|CS|TAMS 0x0000000083900000, 0x0000000083900000| Complete 
|  58|0x0000000083a00000, 0x0000000083b00000, 0x0000000083b00000|100%| E|CS|TAMS 0x0000000083a00000, 0x0000000083a00000| Complete 
|  59|0x0000000083b00000, 0x0000000083c00000, 0x0000000083c00000|100%| E|CS|TAMS 0x0000000083b00000, 0x0000000083b00000| Complete 
|  60|0x0000000083c00000, 0x0000000083d00000, 0x0000000083d00000|100%| E|CS|TAMS 0x0000000083c00000, 0x0000000083c00000| Complete 
|  61|0x0000000083d00000, 0x0000000083e00000, 0x0000000083e00000|100%| E|CS|TAMS 0x0000000083d00000, 0x0000000083d00000| Complete 
|  62|0x0000000083e00000, 0x0000000083f00000, 0x0000000083f00000|100%| E|CS|TAMS 0x0000000083e00000, 0x0000000083e00000| Complete 
|  63|0x0000000083f00000, 0x0000000084000000, 0x0000000084000000|100%| E|CS|TAMS 0x0000000083f00000, 0x0000000083f00000| Complete 
|  64|0x0000000084000000, 0x0000000084100000, 0x0000000084100000|100%| E|CS|TAMS 0x0000000084000000, 0x0000000084000000| Complete 
|  65|0x0000000084100000, 0x0000000084200000, 0x0000000084200000|100%| E|CS|TAMS 0x0000000084100000, 0x0000000084100000| Complete 
|  66|0x0000000084200000, 0x0000000084300000, 0x0000000084300000|100%| E|CS|TAMS 0x0000000084200000, 0x0000000084200000| Complete 
|  67|0x0000000084300000, 0x0000000084400000, 0x0000000084400000|100%| E|CS|TAMS 0x0000000084300000, 0x0000000084300000| Complete 
|  68|0x0000000084400000, 0x0000000084500000, 0x0000000084500000|100%| E|CS|TAMS 0x0000000084400000, 0x0000000084400000| Complete 
|  69|0x0000000084500000, 0x0000000084600000, 0x0000000084600000|100%| E|CS|TAMS 0x0000000084500000, 0x0000000084500000| Complete 
|  70|0x0000000084600000, 0x0000000084700000, 0x0000000084700000|100%| E|CS|TAMS 0x0000000084600000, 0x0000000084600000| Complete 
|  71|0x0000000084700000, 0x0000000084800000, 0x0000000084800000|100%| E|CS|TAMS 0x0000000084700000, 0x0000000084700000| Complete 
|  72|0x0000000084800000, 0x0000000084900000, 0x0000000084900000|100%| E|CS|TAMS 0x0000000084800000, 0x0000000084800000| Complete 
|  85|0x0000000085500000, 0x000000008558c3d8, 0x0000000085600000| 54%| S|CS|TAMS 0x0000000085500000, 0x0000000085500000| Complete 
|  86|0x0000000085600000, 0x0000000085700000, 0x0000000085700000|100%| S|CS|TAMS 0x0000000085600000, 0x0000000085600000| Complete 
|  87|0x0000000085700000, 0x0000000085800000, 0x0000000085800000|100%| S|CS|TAMS 0x0000000085700000, 0x0000000085700000| Complete 
| 119|0x0000000087700000, 0x0000000087800000, 0x0000000087800000|100%| E|CS|TAMS 0x0000000087700000, 0x0000000087700000| Complete 

Card table byte_map: [0x000001eafdc70000,0x000001eafe070000] _byte_map_base: 0x000001eafd870000

Marking Bits (Prev, Next): (CMBitMap*) 0x000001eaf5a68780, (CMBitMap*) 0x000001eaf5a68740
 Prev Bits: [0x000001ea91000000, 0x000001ea93000000)
 Next Bits: [0x000001ea8f000000, 0x000001ea91000000)

Polling page: 0x000001eaf51c0000

Metaspace:

Usage:
  Non-class:     24.28 MB used.
      Class:      4.04 MB used.
       Both:     28.32 MB used.

Virtual space:
  Non-class space:       64.00 MB reserved,      24.81 MB ( 39%) committed,  1 nodes.
      Class space:      412.00 MB reserved,       4.62 MB (  1%) committed,  1 nodes.
             Both:      476.00 MB reserved,      29.44 MB (  6%) committed. 

Chunk freelists:
   Non-Class:  2.34 MB
       Class:  3.23 MB
        Both:  5.57 MB

MaxMetaspaceSize: 512.00 MB
CompressedClassSpaceSize: 412.00 MB
Initial GC threshold: 21.00 MB
Current GC threshold: 35.12 MB
CDS: on
MetaspaceReclaimPolicy: balanced
 - commit_granule_bytes: 65536.
 - commit_granule_words: 8192.
 - virtual_space_node_default_size: 8388608.
 - enlarge_chunks_in_place: 1.
 - new_chunks_are_fully_committed: 0.
 - uncommit_free_chunks: 1.
 - use_allocation_guard: 0.


Internal statistics:

num_allocs_failed_limit: 3.
num_arena_births: 1816.
num_arena_deaths: 0.
num_vsnodes_births: 2.
num_vsnodes_deaths: 0.
num_space_committed: 471.
num_space_uncommitted: 0.
num_chunks_returned_to_freelist: 3.
num_chunks_taken_from_freelist: 3095.
num_chunk_merges: 3.
num_chunk_splits: 2007.
num_chunks_enlarged: 1234.
num_inconsistent_stats: 0.

CodeHeap 'non-profiled nmethods': size=120000Kb used=1810Kb max_used=1810Kb free=118189Kb
 bounds [0x000001ea87ad0000, 0x000001ea87d40000, 0x000001ea8f000000]
CodeHeap 'profiled nmethods': size=120000Kb used=6731Kb max_used=6731Kb free=113268Kb
 bounds [0x000001ea805a0000, 0x000001ea80c40000, 0x000001ea87ad0000]
CodeHeap 'non-nmethods': size=5760Kb used=1596Kb max_used=1610Kb free=4164Kb
 bounds [0x000001ea80000000, 0x000001ea80270000, 0x000001ea805a0000]
 total_blobs=3995 nmethods=3346 adapters=561
 compilation: enabled
              stopped_count=0, restarted_count=0
 full_count=0

Compilation events (20 events):
Event: 6.524 Thread 0x000001eaff0a0260 nmethod 3327 0x000001ea80c24610 code [0x000001ea80c24ac0, 0x000001ea80c27198]
Event: 6.524 Thread 0x000001eaff0a0260 3328       3       java.util.TreeMap$PrivateEntryIterator::nextEntry (54 bytes)
Event: 6.524 Thread 0x000001eaff0a0260 nmethod 3328 0x000001ea80c27e10 code [0x000001ea80c27fe0, 0x000001ea80c28408]
Event: 6.527 Thread 0x000001eaff0a0260 3329       1       java.lang.reflect.Field::getDeclaringClass (5 bytes)
Event: 6.527 Thread 0x000001eaff0a0260 nmethod 3329 0x000001ea87c90610 code [0x000001ea87c907a0, 0x000001ea87c90878]
Event: 6.528 Thread 0x000001eaff0a0260 3330       3       org.codehaus.groovy.reflection.CachedMethod::getReturnType (8 bytes)
Event: 6.528 Thread 0x000001eaff0a0260 nmethod 3330 0x000001ea80c28590 code [0x000001ea80c28720, 0x000001ea80c28858]
Event: 6.528 Thread 0x000001eaff0a0260 3332       3       java.beans.MethodRef::get (91 bytes)
Event: 6.529 Thread 0x000001eaff0a0260 nmethod 3332 0x000001ea80c28910 code [0x000001ea80c28b60, 0x000001ea80c29718]
Event: 6.529 Thread 0x000001eaff0a0260 3331       1       groovy.lang.MetaProperty::getName (5 bytes)
Event: 6.529 Thread 0x000001eaff0a0260 nmethod 3331 0x000001ea87c90910 code [0x000001ea87c90aa0, 0x000001ea87c90b78]
Event: 6.529 Thread 0x000001eaff0a0260 3333       3       org.codehaus.groovy.reflection.CachedClass::<init> (247 bytes)
Event: 6.529 Thread 0x000001eaff097870 3335   !   4       java.util.concurrent.ConcurrentHashMap::computeIfAbsent (576 bytes)
Event: 6.530 Thread 0x000001eaff0a0260 nmethod 3333 0x000001ea80c29a10 code [0x000001ea80c29ee0, 0x000001ea80c2cce8]
Event: 6.530 Thread 0x000001eaff0a0260 3334       3       org.codehaus.groovy.util.ComplexKeyHashMap::hash (31 bytes)
Event: 6.530 Thread 0x000001eaff0a0260 nmethod 3334 0x000001ea80c2d810 code [0x000001ea80c2d9a0, 0x000001ea80c2dab8]
Event: 6.530 Thread 0x000001eaff0a0260 3336       3       org.codehaus.groovy.util.SingleKeyHashMap::getOrPut (137 bytes)
Event: 6.531 Thread 0x000001eaff0a0260 nmethod 3336 0x000001ea80c2db90 code [0x000001ea80c2ddc0, 0x000001ea80c2e9a8]
Event: 6.532 Thread 0x000001ea9a48b510 3337   !   4       java.util.zip.ZipFile::getInputStream (275 bytes)
Event: 6.555 Thread 0x000001eaff097870 nmethod 3335 0x000001ea87c90c10 code [0x000001ea87c90e60, 0x000001ea87c92760]

GC Heap History (8 events):
Event: 1.328 GC heap before
{Heap before GC invocations=0 (full 0):
 garbage-first heap   total 122880K, used 28672K [0x0000000080000000, 0x0000000100000000)
  region size 1024K, 23 young (23552K), 0 survivors (0K)
 Metaspace       used 3000K, committed 3136K, reserved 487424K
  class space    used 374K, committed 448K, reserved 421888K
}
Event: 1.341 GC heap after
{Heap after GC invocations=1 (full 0):
 garbage-first heap   total 122880K, used 8858K [0x0000000080000000, 0x0000000100000000)
  region size 1024K, 3 young (3072K), 3 survivors (3072K)
 Metaspace       used 3000K, committed 3136K, reserved 487424K
  class space    used 374K, committed 448K, reserved 421888K
}
Event: 1.986 GC heap before
{Heap before GC invocations=1 (full 0):
 garbage-first heap   total 122880K, used 37530K [0x0000000080000000, 0x0000000100000000)
  region size 1024K, 31 young (31744K), 3 survivors (3072K)
 Metaspace       used 3961K, committed 4160K, reserved 487424K
  class space    used 473K, committed 576K, reserved 421888K
}
Event: 1.993 GC heap after
{Heap after GC invocations=2 (full 0):
 garbage-first heap   total 122880K, used 13577K [0x0000000080000000, 0x0000000100000000)
  region size 1024K, 4 young (4096K), 4 survivors (4096K)
 Metaspace       used 3961K, committed 4160K, reserved 487424K
  class space    used 473K, committed 576K, reserved 421888K
}
Event: 4.594 GC heap before
{Heap before GC invocations=2 (full 0):
 garbage-first heap   total 122880K, used 77065K [0x0000000080000000, 0x0000000100000000)
  region size 1024K, 66 young (67584K), 4 survivors (4096K)
 Metaspace       used 16110K, committed 16640K, reserved 487424K
  class space    used 2305K, committed 2560K, reserved 421888K
}
Event: 4.607 GC heap after
{Heap after GC invocations=3 (full 0):
 garbage-first heap   total 122880K, used 18860K [0x0000000080000000, 0x0000000100000000)
  region size 1024K, 9 young (9216K), 9 survivors (9216K)
 Metaspace       used 16110K, committed 16640K, reserved 487424K
  class space    used 2305K, committed 2560K, reserved 421888K
}
Event: 5.559 GC heap before
{Heap before GC invocations=3 (full 0):
 garbage-first heap   total 122880K, used 50604K [0x0000000080000000, 0x0000000100000000)
  region size 1024K, 41 young (41984K), 9 survivors (9216K)
 Metaspace       used 20769K, committed 21504K, reserved 487424K
  class space    used 3073K, committed 3456K, reserved 421888K
}
Event: 5.569 GC heap after
{Heap after GC invocations=4 (full 0):
 garbage-first heap   total 122880K, used 21524K [0x0000000080000000, 0x0000000100000000)
  region size 1024K, 3 young (3072K), 3 survivors (3072K)
 Metaspace       used 20769K, committed 21504K, reserved 487424K
  class space    used 3073K, committed 3456K, reserved 421888K
}

Deoptimization events (20 events):
Event: 6.218 Thread 0x000001ea995f4120 DEOPT PACKING pc=0x000001ea87bdaca0 sp=0x0000003390bf65b0
Event: 6.218 Thread 0x000001ea995f4120 DEOPT UNPACKING pc=0x000001ea800523a3 sp=0x0000003390bf6480 mode 2
Event: 6.288 Thread 0x000001ea995f4120 DEOPT PACKING pc=0x000001ea809591c9 sp=0x0000003390bf6640
Event: 6.288 Thread 0x000001ea995f4120 DEOPT UNPACKING pc=0x000001ea80052b43 sp=0x0000003390bf5b50 mode 0
Event: 6.352 Thread 0x000001ea995f4120 Uncommon trap: trap_request=0xffffff45 fr.pc=0x000001ea87b411b8 relative=0x0000000000000518
Event: 6.352 Thread 0x000001ea995f4120 Uncommon trap: reason=unstable_if action=reinterpret pc=0x000001ea87b411b8 method=java.util.Properties$LineReader.readLine()I @ 95 c2
Event: 6.352 Thread 0x000001ea995f4120 DEOPT PACKING pc=0x000001ea87b411b8 sp=0x0000003390bf8f30
Event: 6.352 Thread 0x000001ea995f4120 DEOPT UNPACKING pc=0x000001ea800523a3 sp=0x0000003390bf8ed0 mode 2
Event: 6.378 Thread 0x000001ea995f4120 Uncommon trap: trap_request=0xffffffc6 fr.pc=0x000001ea87b2d51c relative=0x000000000000105c
Event: 6.378 Thread 0x000001ea995f4120 Uncommon trap: reason=bimorphic_or_optimized_type_check action=maybe_recompile pc=0x000001ea87b2d51c method=java.util.Properties$LineReader.readLine()I @ 70 c2
Event: 6.378 Thread 0x000001ea995f4120 DEOPT PACKING pc=0x000001ea87b2d51c sp=0x0000003390bf8f30
Event: 6.378 Thread 0x000001ea995f4120 DEOPT UNPACKING pc=0x000001ea800523a3 sp=0x0000003390bf8ed0 mode 2
Event: 6.380 Thread 0x000001ea995f4120 Uncommon trap: trap_request=0xffffff45 fr.pc=0x000001ea87bf6868 relative=0x0000000000007588
Event: 6.380 Thread 0x000001ea995f4120 Uncommon trap: reason=unstable_if action=reinterpret pc=0x000001ea87bf6868 method=jdk.internal.loader.BuiltinClassLoader.loadClassOrNull(Ljava/lang/String;Z)Ljava/lang/Class; @ 42 c2
Event: 6.380 Thread 0x000001ea995f4120 DEOPT PACKING pc=0x000001ea87bf6868 sp=0x0000003390bf4990
Event: 6.380 Thread 0x000001ea995f4120 DEOPT UNPACKING pc=0x000001ea800523a3 sp=0x0000003390bf4830 mode 2
Event: 6.522 Thread 0x000001ea995f4120 Uncommon trap: trap_request=0xffffffbe fr.pc=0x000001ea87c85aac relative=0x000000000000016c
Event: 6.522 Thread 0x000001ea995f4120 Uncommon trap: reason=profile_predicate action=maybe_recompile pc=0x000001ea87c85aac method=java.util.AbstractCollection.addAll(Ljava/util/Collection;)Z @ 15 c2
Event: 6.522 Thread 0x000001ea995f4120 DEOPT PACKING pc=0x000001ea87c85aac sp=0x0000003390bf8f20
Event: 6.522 Thread 0x000001ea995f4120 DEOPT UNPACKING pc=0x000001ea800523a3 sp=0x0000003390bf8eb8 mode 2

Classes loaded (20 events):
Event: 6.516 Loading class java/beans/IndexedPropertyDescriptor
Event: 6.517 Loading class java/beans/IndexedPropertyDescriptor done
Event: 6.517 Loading class java/beans/GenericBeanInfo
Event: 6.517 Loading class java/beans/SimpleBeanInfo
Event: 6.517 Loading class java/beans/SimpleBeanInfo done
Event: 6.517 Loading class java/beans/GenericBeanInfo done
Event: 6.519 Loading class java/util/Hashtable$EntrySet
Event: 6.519 Loading class java/util/Hashtable$EntrySet done
Event: 6.526 Loading class java/util/concurrent/locks/ReentrantReadWriteLock
Event: 6.526 Loading class java/util/concurrent/locks/ReentrantReadWriteLock done
Event: 6.531 Loading class java/util/concurrent/locks/ReentrantReadWriteLock$NonfairSync
Event: 6.532 Loading class java/util/concurrent/locks/ReentrantReadWriteLock$Sync
Event: 6.532 Loading class java/util/concurrent/locks/ReentrantReadWriteLock$Sync done
Event: 6.532 Loading class java/util/concurrent/locks/ReentrantReadWriteLock$NonfairSync done
Event: 6.532 Loading class java/util/concurrent/locks/ReentrantReadWriteLock$Sync$ThreadLocalHoldCounter
Event: 6.532 Loading class java/util/concurrent/locks/ReentrantReadWriteLock$Sync$ThreadLocalHoldCounter done
Event: 6.532 Loading class java/util/concurrent/locks/ReentrantReadWriteLock$ReadLock
Event: 6.532 Loading class java/util/concurrent/locks/ReentrantReadWriteLock$ReadLock done
Event: 6.532 Loading class java/util/concurrent/locks/ReentrantReadWriteLock$WriteLock
Event: 6.532 Loading class java/util/concurrent/locks/ReentrantReadWriteLock$WriteLock done

Classes unloaded (0 events):
No events

Classes redefined (0 events):
No events

Internal exceptions (20 events):
Event: 6.028 Thread 0x000001ea995f4120 Exception <a 'java/lang/NoSuchMethodError'{0x000000008369ae48}: 'java.lang.Object java.lang.invoke.DelegatingMethodHandle$Holder.reinvoke_L(java.lang.Object, java.lang.Object, java.lang.Object, java.lang.Object, java.lang.Object, java.lang.Object, java.lang.Object, java.lang.Object, java.lang.Object, java.lang.Object, java.lang.Object, java.lang.Object, java.lang.Object, java.lang.Object, java.lang.Object, java.lang.Object, java.lang.Object, java.lang.Object, java.lang.Object, java.lang.Object, java.lang.O
Event: 6.045 Thread 0x000001ea995f4120 Exception <a 'java/lang/NoSuchMethodError'{0x000000008359c1b8}: 'java.lang.Object java.lang.invoke.DirectMethodHandle$Holder.newInvokeSpecial(java.lang.Object, java.lang.Object, java.lang.Object, java.lang.Object, java.lang.Object, java.lang.Object, java.lang.Object, java.lang.Object, java.lang.Object, java.lang.Object, java.lang.Object, java.lang.Object, java.lang.Object, java.lang.Object, java.lang.Object, java.lang.Object)'> (0x000000008359c1b8) 
thrown [t:\workspace\open\src\hotspot\share\interpreter\l
Event: 6.046 Thread 0x000001ea995f4120 Exception <a 'java/lang/NoSuchMethodError'{0x00000000835a25e0}: 'java.lang.Object java.lang.invoke.DirectMethodHandle$Holder.invokeSpecial(java.lang.Object, java.lang.Object, java.lang.Object, java.lang.Object, java.lang.Object, java.lang.Object, java.lang.Object, java.lang.Object, java.lang.Object, java.lang.Object, java.lang.Object, java.lang.Object, java.lang.Object, java.lang.Object, java.lang.Object, java.lang.Object, java.lang.Object)'> (0x00000000835a25e0) 
thrown [t:\workspace\open\src\hotspot\shar
Event: 6.082 Thread 0x000001ea995f4120 Exception <a 'java/lang/NoSuchMethodError'{0x00000000833d3a08}: 'java.lang.Object java.lang.invoke.DirectMethodHandle$Holder.newInvokeSpecial(java.lang.Object, java.lang.Object, java.lang.Object, java.lang.Object, java.lang.Object, java.lang.Object, java.lang.Object, java.lang.Object, java.lang.Object, java.lang.Object, java.lang.Object, java.lang.Object, java.lang.Object, java.lang.Object)'> (0x00000000833d3a08) 
thrown [t:\workspace\open\src\hotspot\share\interpreter\linkResolver.cpp, line 766]
Event: 6.084 Thread 0x000001ea995f4120 Exception <a 'java/lang/NoSuchMethodError'{0x00000000833d97a0}: 'java.lang.Object java.lang.invoke.DirectMethodHandle$Holder.invokeSpecial(java.lang.Object, java.lang.Object, java.lang.Object, java.lang.Object, java.lang.Object, java.lang.Object, java.lang.Object, java.lang.Object, java.lang.Object, java.lang.Object, java.lang.Object, java.lang.Object, java.lang.Object, java.lang.Object, java.lang.Object)'> (0x00000000833d97a0) 
thrown [t:\workspace\open\src\hotspot\share\interpreter\linkResolver.cpp, line
Event: 6.215 Thread 0x000001ea995f4120 Implicit null exception at 0x000001ea87bc3f71 to 0x000001ea87bc4410
Event: 6.215 Thread 0x000001ea995f4120 Implicit null exception at 0x000001ea87c363d8 to 0x000001ea87c375e8
Event: 6.215 Thread 0x000001ea995f4120 Implicit null exception at 0x000001ea87c521e3 to 0x000001ea87c529ec
Event: 6.215 Thread 0x000001ea995f4120 Exception <a 'java/lang/NoSuchMethodError'{0x0000000082dcefd8}: 'java.lang.reflect.Method[] java.lang.Class.getDeclaredMethods(java.lang.Class)'> (0x0000000082dcefd8) 
thrown [t:\workspace\open\src\hotspot\share\interpreter\linkResolver.cpp, line 766]
Event: 6.266 Thread 0x000001ea995f4120 Exception <a 'java/lang/NoSuchMethodError'{0x0000000082ce4110}: 'void java.lang.invoke.DirectMethodHandle$Holder.invokeStaticInit(java.lang.Object, java.lang.Object, java.lang.Object)'> (0x0000000082ce4110) 
thrown [t:\workspace\open\src\hotspot\share\interpreter\linkResolver.cpp, line 766]
Event: 6.267 Thread 0x000001ea995f4120 Exception <a 'java/lang/NoSuchMethodError'{0x0000000082ceb528}: 'void java.lang.invoke.DirectMethodHandle$Holder.invokeStaticInit(java.lang.Object, java.lang.Object, java.lang.Object, java.lang.Object)'> (0x0000000082ceb528) 
thrown [t:\workspace\open\src\hotspot\share\interpreter\linkResolver.cpp, line 766]
Event: 6.271 Thread 0x000001ea995f4120 Exception <a 'java/lang/NoSuchMethodError'{0x0000000082b0e088}: 'void java.lang.invoke.DirectMethodHandle$Holder.invokeStaticInit(java.lang.Object, java.lang.Object, java.lang.Object, java.lang.Object, java.lang.Object)'> (0x0000000082b0e088) 
thrown [t:\workspace\open\src\hotspot\share\interpreter\linkResolver.cpp, line 766]
Event: 6.285 Thread 0x000001ea995f4120 Exception <a 'java/lang/NoSuchMethodError'{0x0000000082b690e8}: 'int java.lang.invoke.DirectMethodHandle$Holder.invokeStaticInit(java.lang.Object, java.lang.Object, java.lang.Object, java.lang.Object)'> (0x0000000082b690e8) 
thrown [t:\workspace\open\src\hotspot\share\interpreter\linkResolver.cpp, line 766]
Event: 6.508 Thread 0x000001ea995f4120 Exception <a 'java/lang/ClassNotFoundException'{0x00000000824492c8}: groovy/lang/ExpandoMetaClassBeanInfo> (0x00000000824492c8) 
thrown [t:\workspace\open\src\hotspot\share\classfile\systemDictionary.cpp, line 255]
Event: 6.508 Thread 0x000001ea995f4120 Exception <a 'java/lang/ClassNotFoundException'{0x00000000824512d0}: groovy/lang/MetaClassImplBeanInfo> (0x00000000824512d0) 
thrown [t:\workspace\open\src\hotspot\share\classfile\systemDictionary.cpp, line 255]
Event: 6.508 Thread 0x000001ea995f4120 Exception <a 'java/lang/ClassNotFoundException'{0x0000000082455b18}: java/lang/ObjectBeanInfo> (0x0000000082455b18) 
thrown [t:\workspace\open\src\hotspot\share\classfile\systemDictionary.cpp, line 255]
Event: 6.509 Thread 0x000001ea995f4120 Exception <a 'java/lang/ClassNotFoundException'{0x000000008245aa20}: java/lang/ObjectCustomizer> (0x000000008245aa20) 
thrown [t:\workspace\open\src\hotspot\share\classfile\systemDictionary.cpp, line 255]
Event: 6.514 Thread 0x000001ea995f4120 Exception <a 'java/lang/IncompatibleClassChangeError'{0x000000008245f448}: Found class java.lang.Object, but interface was expected> (0x000000008245f448) 
thrown [t:\workspace\open\src\hotspot\share\interpreter\linkResolver.cpp, line 833]
Event: 6.518 Thread 0x000001ea995f4120 Exception <a 'java/lang/ClassNotFoundException'{0x0000000082471ac0}: groovy/lang/MetaClassImplCustomizer> (0x0000000082471ac0) 
thrown [t:\workspace\open\src\hotspot\share\classfile\systemDictionary.cpp, line 255]
Event: 6.520 Thread 0x000001ea995f4120 Exception <a 'java/lang/ClassNotFoundException'{0x0000000082497e30}: groovy/lang/ExpandoMetaClassCustomizer> (0x0000000082497e30) 
thrown [t:\workspace\open\src\hotspot\share\classfile\systemDictionary.cpp, line 255]

VM Operations (20 events):
Event: 4.594 Executing VM operation: G1CollectForAllocation
Event: 4.607 Executing VM operation: G1CollectForAllocation done
Event: 5.559 Executing VM operation: CollectForMetadataAllocation
Event: 5.569 Executing VM operation: CollectForMetadataAllocation done
Event: 5.578 Executing VM operation: G1Concurrent
Event: 5.580 Executing VM operation: G1Concurrent done
Event: 5.584 Executing VM operation: G1Concurrent
Event: 5.586 Executing VM operation: G1Concurrent done
Event: 5.628 Executing VM operation: HandshakeAllThreads
Event: 5.628 Executing VM operation: HandshakeAllThreads done
Event: 6.123 Executing VM operation: HandshakeAllThreads
Event: 6.123 Executing VM operation: HandshakeAllThreads done
Event: 6.207 Executing VM operation: HandshakeAllThreads
Event: 6.207 Executing VM operation: HandshakeAllThreads done
Event: 6.266 Executing VM operation: ICBufferFull
Event: 6.266 Executing VM operation: ICBufferFull done
Event: 6.381 Executing VM operation: HandshakeAllThreads
Event: 6.381 Executing VM operation: HandshakeAllThreads done
Event: 6.436 Executing VM operation: HandshakeAllThreads
Event: 6.437 Executing VM operation: HandshakeAllThreads done

Events (20 events):
Event: 3.007 Thread 0x000001ea995f5460 Thread added: 0x000001ea995f5460
Event: 3.028 Thread 0x000001ea995f3c50 Thread added: 0x000001ea995f3c50
Event: 3.031 Thread 0x000001ea995f5e00 Thread added: 0x000001ea995f5e00
Event: 3.059 Thread 0x000001ea995f67a0 Thread added: 0x000001ea995f67a0
Event: 3.068 Thread 0x000001ea995f4120 Thread added: 0x000001ea995f4120
Event: 3.085 Thread 0x000001ea995f4ac0 Thread added: 0x000001ea995f4ac0
Event: 3.089 Thread 0x000001ea995f5930 Thread added: 0x000001ea995f5930
Event: 3.098 Thread 0x000001ea995f45f0 Thread added: 0x000001ea995f45f0
Event: 3.301 Thread 0x000001ea995f7610 Thread added: 0x000001ea995f7610
Event: 3.345 Thread 0x000001ea9a543c70 Thread added: 0x000001ea9a543c70
Event: 3.547 Thread 0x000001ea9a48b510 Thread added: 0x000001ea9a48b510
Event: 3.779 Thread 0x000001ea9a545480 Thread added: 0x000001ea9a545480
Event: 5.122 Thread 0x000001ea9a546c90 Thread added: 0x000001ea9a546c90
Event: 5.138 Thread 0x000001ea9a542e00 Thread added: 0x000001ea9a542e00
Event: 5.406 Thread 0x000001ea9a5432d0 Thread added: 0x000001ea9a5432d0
Event: 5.446 Thread 0x000001ea9a540c50 Thread added: 0x000001ea9a540c50
Event: 5.491 Thread 0x000001ea9a544140 Thread added: 0x000001ea9a544140
Event: 5.776 Thread 0x000001ea9a545950 Thread added: 0x000001ea9a545950
Event: 5.811 Thread 0x000001ea9a541f90 Thread added: 0x000001ea9a541f90
Event: 5.972 Thread 0x000001ea9a542460 Thread added: 0x000001ea9a542460


Dynamic libraries:
0x00007ff7e9cd0000 - 0x00007ff7e9ce0000 	C:\Program Files\Java\jdk-18\bin\java.exe
0x00007ffb62ff0000 - 0x00007ffb63204000 	C:\WINDOWS\SYSTEM32\ntdll.dll
0x00007ffb62520000 - 0x00007ffb625e2000 	C:\WINDOWS\System32\KERNEL32.DLL
0x00007ffb605f0000 - 0x00007ffb6098c000 	C:\WINDOWS\System32\KERNELBASE.dll
0x00007ffb60a50000 - 0x00007ffb60b61000 	C:\WINDOWS\System32\ucrtbase.dll
0x00007ffb58c60000 - 0x00007ffb58c78000 	C:\Program Files\Java\jdk-18\bin\jli.dll
0x00007ffb581b0000 - 0x00007ffb581ca000 	C:\Program Files\Java\jdk-18\bin\VCRUNTIME140.dll
0x00007ffb61110000 - 0x00007ffb611be000 	C:\WINDOWS\System32\ADVAPI32.dll
0x00007ffb60e10000 - 0x00007ffb60eb7000 	C:\WINDOWS\System32\msvcrt.dll
0x00007ffb61380000 - 0x00007ffb61424000 	C:\WINDOWS\System32\sechost.dll
0x00007ffb61430000 - 0x00007ffb61547000 	C:\WINDOWS\System32\RPCRT4.dll
0x00007ffb611c0000 - 0x00007ffb6136b000 	C:\WINDOWS\System32\USER32.dll
0x00007ffb60550000 - 0x00007ffb60576000 	C:\WINDOWS\System32\win32u.dll
0x00007ffb4f650000 - 0x00007ffb4f8de000 	C:\WINDOWS\WinSxS\amd64_microsoft.windows.common-controls_6595b64144ccf1df_6.0.22621.608_none_a9444ca7c10bb01d\COMCTL32.dll
0x00007ffb624f0000 - 0x00007ffb62519000 	C:\WINDOWS\System32\GDI32.dll
0x00007ffb60430000 - 0x00007ffb60543000 	C:\WINDOWS\System32\gdi32full.dll
0x00007ffb60d60000 - 0x00007ffb60dfa000 	C:\WINDOWS\System32\msvcp_win.dll
0x00007ffb55950000 - 0x00007ffb5595a000 	C:\WINDOWS\SYSTEM32\VERSION.dll
0x00007ffb625f0000 - 0x00007ffb62621000 	C:\WINDOWS\System32\IMM32.DLL
0x00007ffb58c50000 - 0x00007ffb58c5c000 	C:\Program Files\Java\jdk-18\bin\vcruntime140_1.dll
0x00007ffb2f300000 - 0x00007ffb2f38d000 	C:\Program Files\Java\jdk-18\bin\msvcp140.dll
0x00007ffaee520000 - 0x00007ffaef131000 	C:\Program Files\Java\jdk-18\bin\server\jvm.dll
0x00007ffb60e00000 - 0x00007ffb60e08000 	C:\WINDOWS\System32\PSAPI.DLL
0x00007ffb55910000 - 0x00007ffb55944000 	C:\WINDOWS\SYSTEM32\WINMM.dll
0x00007ffb581a0000 - 0x00007ffb581a9000 	C:\WINDOWS\SYSTEM32\WSOCK32.dll
0x00007ffb61c50000 - 0x00007ffb61cc1000 	C:\WINDOWS\System32\WS2_32.dll
0x00007ffb5f480000 - 0x00007ffb5f498000 	C:\WINDOWS\SYSTEM32\kernel.appcore.dll
0x00007ffb54b40000 - 0x00007ffb54b4a000 	C:\Program Files\Java\jdk-18\bin\jimage.dll
0x00007ffb56820000 - 0x00007ffb56a4e000 	C:\WINDOWS\SYSTEM32\DBGHELP.DLL
0x00007ffb61dd0000 - 0x00007ffb62159000 	C:\WINDOWS\System32\combase.dll
0x00007ffb61cf0000 - 0x00007ffb61dc7000 	C:\WINDOWS\System32\OLEAUT32.dll
0x00007ffb522e0000 - 0x00007ffb52312000 	C:\WINDOWS\SYSTEM32\dbgcore.DLL
0x00007ffb60b70000 - 0x00007ffb60beb000 	C:\WINDOWS\System32\bcryptPrimitives.dll
0x00007ffb548b0000 - 0x00007ffb548d5000 	C:\Program Files\Java\jdk-18\bin\java.dll
0x00007ffb2ef50000 - 0x00007ffb2f026000 	C:\Program Files\Java\jdk-18\bin\jsvml.dll
0x00007ffb627a0000 - 0x00007ffb62f90000 	C:\WINDOWS\System32\SHELL32.dll
0x00007ffb5e440000 - 0x00007ffb5ed0d000 	C:\WINDOWS\SYSTEM32\windows.storage.dll
0x00007ffb5e300000 - 0x00007ffb5e43e000 	C:\WINDOWS\SYSTEM32\wintypes.dll
0x00007ffb62300000 - 0x00007ffb623f1000 	C:\WINDOWS\System32\SHCORE.dll
0x00007ffb62490000 - 0x00007ffb624ee000 	C:\WINDOWS\System32\shlwapi.dll
0x00007ffb60360000 - 0x00007ffb60381000 	C:\WINDOWS\SYSTEM32\profapi.dll
0x00007ffb54890000 - 0x00007ffb548a3000 	C:\Program Files\Java\jdk-18\bin\net.dll
0x00007ffb59a40000 - 0x00007ffb59b77000 	C:\WINDOWS\SYSTEM32\WINHTTP.dll
0x00007ffb5f8f0000 - 0x00007ffb5f959000 	C:\WINDOWS\system32\mswsock.dll
0x00007ffb53bd0000 - 0x00007ffb53be6000 	C:\Program Files\Java\jdk-18\bin\nio.dll
0x00007ffb52960000 - 0x00007ffb52978000 	C:\Program Files\Java\jdk-18\bin\zip.dll
0x00007ffb54b30000 - 0x00007ffb54b40000 	C:\Program Files\Java\jdk-18\bin\verify.dll
0x00007ffb52930000 - 0x00007ffb52957000 	C:\Users\hotti\.gradle\native\e1d6ef7f7dcc3fd88c89a11ec53ec762bb8ba0a96d01ffa2cd45eb1d1d8dd5c5\windows-amd64\native-platform.dll
0x00007ffb29730000 - 0x00007ffb29874000 	C:\Users\hotti\.gradle\native\0d407fdbe67a94daf76414ababcb853783967236a71b16ec16e742cd7a986fd3\windows-amd64\native-platform-file-events.dll
0x00007ffb52920000 - 0x00007ffb52929000 	C:\Program Files\Java\jdk-18\bin\management.dll
0x00007ffb52180000 - 0x00007ffb5218b000 	C:\Program Files\Java\jdk-18\bin\management_ext.dll
0x00007ffb5fb60000 - 0x00007ffb5fb7b000 	C:\WINDOWS\SYSTEM32\CRYPTSP.dll
0x00007ffb5f3f0000 - 0x00007ffb5f425000 	C:\WINDOWS\system32\rsaenh.dll
0x00007ffb5f9f0000 - 0x00007ffb5fa18000 	C:\WINDOWS\SYSTEM32\USERENV.dll
0x00007ffb5fd10000 - 0x00007ffb5fd38000 	C:\WINDOWS\SYSTEM32\bcrypt.dll
0x00007ffb5fb50000 - 0x00007ffb5fb5c000 	C:\WINDOWS\SYSTEM32\CRYPTBASE.dll
0x00007ffb5ef60000 - 0x00007ffb5ef8d000 	C:\WINDOWS\SYSTEM32\IPHLPAPI.DLL
0x00007ffb61370000 - 0x00007ffb61379000 	C:\WINDOWS\System32\NSI.dll
0x00007ffb596b0000 - 0x00007ffb596c9000 	C:\WINDOWS\SYSTEM32\dhcpcsvc6.DLL
0x00007ffb59650000 - 0x00007ffb5966f000 	C:\WINDOWS\SYSTEM32\dhcpcsvc.DLL
0x00007ffb5efd0000 - 0x00007ffb5f0c3000 	C:\WINDOWS\SYSTEM32\DNSAPI.dll

dbghelp: loaded successfully - version: 4.0.5 - missing functions: none
symbol engine: initialized successfully - sym options: 0x614 - pdb path: .;C:\Program Files\Java\jdk-18\bin;C:\WINDOWS\SYSTEM32;C:\WINDOWS\WinSxS\amd64_microsoft.windows.common-controls_6595b64144ccf1df_6.0.22621.608_none_a9444ca7c10bb01d;C:\Program Files\Java\jdk-18\bin\server;C:\Users\hotti\.gradle\native\e1d6ef7f7dcc3fd88c89a11ec53ec762bb8ba0a96d01ffa2cd45eb1d1d8dd5c5\windows-amd64;C:\Users\hotti\.gradle\native\0d407fdbe67a94daf76414ababcb853783967236a71b16ec16e742cd7a986fd3\windows-amd64

VM Arguments:
jvm_args: -XX:MaxMetaspaceSize=512m --add-opens=java.base/java.util=ALL-UNNAMED --add-opens=java.base/java.lang=ALL-UNNAMED --add-opens=java.base/java.lang.invoke=ALL-UNNAMED --add-opens=java.base/java.util=ALL-UNNAMED --add-opens=java.prefs/java.util.prefs=ALL-UNNAMED --add-opens=java.prefs/java.util.prefs=ALL-UNNAMED --add-opens=java.base/java.nio.charset=ALL-UNNAMED --add-opens=java.base/java.net=ALL-UNNAMED --add-opens=java.base/java.util.concurrent.atomic=ALL-UNNAMED -Xmx2048m -Dfile.encoding=UTF-8 -Duser.country=US -Duser.language=en -Duser.variant 
java_command: org.gradle.launcher.daemon.bootstrap.GradleDaemon 7.5.1
java_class_path (initial): C:\Users\hotti\.gradle\wrapper\dists\gradle-7.5.1-all\1ehga6e77gqps5uk2kc5kf1vc\gradle-7.5.1\lib\gradle-launcher-7.5.1.jar
Launcher Type: SUN_STANDARD

[Global flags]
     intx CICompilerCount                          = 4                                         {product} {ergonomic}
   size_t CompressedClassSpaceSize                 = 432013312                                 {product} {ergonomic}
     uint ConcGCThreads                            = 3                                         {product} {ergonomic}
     uint G1ConcRefinementThreads                  = 10                                        {product} {ergonomic}
   size_t G1HeapRegionSize                         = 1048576                                   {product} {ergonomic}
    uintx GCDrainStackTargetSize                   = 64                                        {product} {ergonomic}
   size_t InitialHeapSize                          = 125829120                                 {product} {ergonomic}
   size_t MarkStackSize                            = 4194304                                   {product} {ergonomic}
   size_t MaxHeapSize                              = 2147483648                                {product} {command line}
   size_t MaxMetaspaceSize                         = 536870912                                 {product} {command line}
   size_t MaxNewSize                               = 1287651328                                {product} {ergonomic}
   size_t MinHeapDeltaBytes                        = 1048576                                   {product} {ergonomic}
   size_t MinHeapSize                              = 8388608                                   {product} {ergonomic}
    uintx NonNMethodCodeHeapSize                   = 5839372                                {pd product} {ergonomic}
    uintx NonProfiledCodeHeapSize                  = 122909434                              {pd product} {ergonomic}
    uintx ProfiledCodeHeapSize                     = 122909434                              {pd product} {ergonomic}
    uintx ReservedCodeCacheSize                    = 251658240                              {pd product} {ergonomic}
     bool SegmentedCodeCache                       = true                                      {product} {ergonomic}
   size_t SoftMaxHeapSize                          = 2147483648                             {manageable} {ergonomic}
     bool UseCompressedClassPointers               = true                           {product lp64_product} {ergonomic}
     bool UseCompressedOops                        = true                           {product lp64_product} {ergonomic}
     bool UseG1GC                                  = true                                      {product} {ergonomic}
     bool UseLargePagesIndividualAllocation        = false                                  {pd product} {ergonomic}

Logging:
Log output configuration:
 #0: stdout all=warning uptime,level,tags foldmultilines=false
 #1: stderr all=off uptime,level,tags foldmultilines=false

Environment Variables:
JAVA_HOME=C:\Program Files\Java\jdk-18
CLASSPATH=C:\Users\hotti\Reactnative\Chat\android\\gradle\wrapper\gradle-wrapper.jar
PATH=C:\Users\hotti\Reactnative\Chat\android\node_modules\.bin;C:\Users\hotti\Reactnative\Chat\node_modules\.bin;C:\Users\hotti\Reactnative\node_modules\.bin;C:\Users\hotti\node_modules\.bin;C:\Users\node_modules\.bin;C:\node_modules\.bin;C:\Program Files\nodejs;C:\Users\hotti\Reactnative\Chat\node_modules\.bin;C:\Users\hotti\Reactnative\Chat\node_modules\.bin;C:\Users\hotti\Reactnative\node_modules\.bin;C:\Users\hotti\node_modules\.bin;C:\Users\node_modules\.bin;C:\node_modules\.bin;C:\Program Files\nodejs\node_modules\npm\node_modules\@npmcli\run-script\lib\node-gyp-bin;C:\Program Files\Common Files\Oracle\Java\javapath;C:\Program Files (x86)\Common Files\Oracle\Java\javapath;C:\WINDOWS\system32;C:\WINDOWS;C:\WINDOWS\System32\Wbem;C:\WINDOWS\System32\WindowsPowerShell\v1.0\;C:\WINDOWS\System32\OpenSSH\;C:\Program Files\Java\jdk-18\bin;C:\Program Files\nodejs\;C:\Program Files\Git\cmd;C:\ProgramData\chocolatey\bin;C:\Users\hotti\AppData\Local\Android\Sdk\platform-tools;C:\Users\hotti\AppData\Local\Microsoft\WindowsApps;C:\Users\hotti\AppData\Local\Programs\Microsoft VS Code\bin;C:\Users\hotti\AppData\Roaming\npm;C:\Program Files\Azure Data Studio\bin;C:\Users\hotti\AppData\Local\Android\Sdk\platform-tools;
USERNAME=Kiet
LANG=en_US.UTF-8
OS=Windows_NT
PROCESSOR_IDENTIFIER=AMD64 Family 23 Model 96 Stepping 1, AuthenticAMD



---------------  S Y S T E M  ---------------

OS:
 Windows 11 , 64 bit Build 22621 (10.0.22621.1485)
OS uptime: 22 days 23:56 hours

CPU: total 12 (initial active 12) (12 cores per cpu, 2 threads per core) family 23 model 96 stepping 1 microcode 0x0, cx8, cmov, fxsr, ht, mmx, 3dnowpref, sse, sse2, sse3, ssse3, sse4a, sse4.1, sse4.2, popcnt, lzcnt, tsc, tscinvbit, avx, avx2, aes, clmul, bmi1, bmi2, adx, sha, fma, vzeroupper, clflush, clflushopt

Memory: 4k page, system-wide physical 7579M (478M free)
TotalPageFile size 18658M (AvailPageFile size 4M)
current process WorkingSet (physical memory assigned to process): 187M, peak: 208M
current process commit charge ("private bytes"): 248M, peak: 296M

vm_info: Java HotSpot(TM) 64-Bit Server VM (18+36-2087) for windows-amd64 JRE (18+36-2087), built on Feb 15 2022 09:43:11 by "mach5one" with MS VC++ 16.8 / 16.9 (VS2019)

END.
